ARM GAS  /var/folders/y7/g6pkzsp12sx54x3s3mvyn15r0000gn/T//ccLmEzfk.s 			page 1


   1              		.cpu cortex-m7
   2              		.arch armv7e-m
   3              		.fpu fpv5-d16
   4              		.eabi_attribute 28, 1
   5              		.eabi_attribute 20, 1
   6              		.eabi_attribute 21, 1
   7              		.eabi_attribute 23, 3
   8              		.eabi_attribute 24, 1
   9              		.eabi_attribute 25, 1
  10              		.eabi_attribute 26, 1
  11              		.eabi_attribute 30, 4
  12              		.eabi_attribute 34, 1
  13              		.eabi_attribute 18, 4
  14              		.file	"dx_units.cc"
  15              		.text
  16              	.Ltext0:
  17              		.cfi_sections	.debug_frame
  18              		.file 1 "../eurorack/plaits/dsp/fm/dx_units.cc"
  19              		.global	_ZN6plaits2fm13lut_cube_rootE
  20              		.section	.rodata._ZN6plaits2fm13lut_cube_rootE,"a"
  21              		.align	2
  24              	_ZN6plaits2fm13lut_cube_rootE:
  25 0000 00000000 		.word	0
  26 0004 0130CB3E 		.word	1053503489
  27 0008 0000003F 		.word	1056964608
  28 000c 0486123F 		.word	1058178564
  29 0010 1D45213F 		.word	1059144989
  30 0014 09B92D3F 		.word	1059961097
  31 0018 A69B383F 		.word	1060674470
  32 001c 7D57423F 		.word	1061312381
  33 0020 F82F4B3F 		.word	1061892088
  34 0024 C952533F 		.word	1062425289
  35 0028 80E05A3F 		.word	1062920320
  36 002c 3CF1613F 		.word	1063383356
  37 0030 6A97683F 		.word	1063819114
  38 0034 78E16E3F 		.word	1064231288
  39 0038 EFDA743F 		.word	1064622831
  40 003c 318D7A3F 		.word	1064996145
  41 0040 0000803F 		.word	1065353216
  42              		.global	_ZN6plaits2fm25lut_pitch_mod_sensitivityE
  43              		.section	.rodata._ZN6plaits2fm25lut_pitch_mod_sensitivityE,"a"
  44              		.align	2
  47              	_ZN6plaits2fm25lut_pitch_mod_sensitivityE:
  48 0000 00000000 		.word	0
  49 0004 0000A03D 		.word	1033895936
  50 0008 0000203E 		.word	1042284544
  51 000c 0000843E 		.word	1048838144
  52 0010 0000DC3E 		.word	1054605312
  53 0014 0000383F 		.word	1060634624
  54 0018 0000993F 		.word	1066991616
  55 001c 00000040 		.word	1073741824
  56              		.global	_ZN6plaits2fm23lut_amp_mod_sensitivityE
  57              		.section	.rodata._ZN6plaits2fm23lut_amp_mod_sensitivityE,"a"
  58              		.align	2
  61              	_ZN6plaits2fm23lut_amp_mod_sensitivityE:
  62 0000 00000000 		.word	0
  63 0004 6F81843E 		.word	1048871279
ARM GAS  /var/folders/y7/g6pkzsp12sx54x3s3mvyn15r0000gn/T//ccLmEzfk.s 			page 2


  64 0008 2CD4DA3E 		.word	1054528556
  65 000c 0000803F 		.word	1065353216
  66              		.global	_ZN6plaits2fm10lut_coarseE
  67              		.section	.rodata._ZN6plaits2fm10lut_coarseE,"a"
  68              		.align	2
  71              	_ZN6plaits2fm10lut_coarseE:
  72 0000 000040C1 		.word	-1052770304
  73 0004 00000000 		.word	0
  74 0008 00004041 		.word	1094713344
  75 000c 0A289841 		.word	1100490762
  76 0010 0000C041 		.word	1103101952
  77 0014 B4E7DE41 		.word	1105127348
  78 0018 0A28F841 		.word	1106782218
  79 001c C7C00642 		.word	1107738823
  80 0020 00001042 		.word	1108344832
  81 0024 0A281842 		.word	1108879370
  82 0028 DA731F42 		.word	1109357530
  83 002c 7F0D2642 		.word	1109790079
  84 0030 05142C42 		.word	1110184965
  85 0034 019F3142 		.word	1110548225
  86 0038 C7C03642 		.word	1110884551
  87 003c DF873B42 		.word	1111197663
  88 0040 00004042 		.word	1111490560
  89 0044 BE324442 		.word	1111765694
  90 0048 0A284842 		.word	1112025098
  91 004c 88E64B42 		.word	1112270472
  92 0050 DA734F42 		.word	1112503258
  93 0054 CCD45242 		.word	1112724684
  94 0058 7F0D5642 		.word	1112935807
  95 005c 87215942 		.word	1113137543
  96 0060 05145C42 		.word	1113330693
  97 0064 B4E75E42 		.word	1113515956
  98 0068 019F6142 		.word	1113693953
  99 006c 0F3C6442 		.word	1113865231
 100 0070 C7C06642 		.word	1114030279
 101 0074 DF2E6942 		.word	1114189535
 102 0078 DF876B42 		.word	1114343391
 103 007c 2ACD6D42 		.word	1114492202
 104              		.text
 105              	.Letext0:
 106              		.file 2 "/Applications/ArmGNUToolchain/14.2.rel1/arm-none-eabi/arm-none-eabi/include/c++/14.2.1/cm
 107              		.file 3 "/Applications/ArmGNUToolchain/14.2.rel1/arm-none-eabi/arm-none-eabi/include/c++/14.2.1/bi
 108              		.file 4 "/Applications/ArmGNUToolchain/14.2.rel1/arm-none-eabi/arm-none-eabi/include/c++/14.2.1/ty
 109              		.file 5 "/Applications/ArmGNUToolchain/14.2.rel1/arm-none-eabi/arm-none-eabi/include/c++/14.2.1/de
 110              		.file 6 "/Applications/ArmGNUToolchain/14.2.rel1/arm-none-eabi/arm-none-eabi/include/c++/14.2.1/cs
 111              		.file 7 "/Applications/ArmGNUToolchain/14.2.rel1/arm-none-eabi/arm-none-eabi/include/c++/14.2.1/bi
 112              		.file 8 "/Applications/ArmGNUToolchain/14.2.rel1/arm-none-eabi/lib/gcc/arm-none-eabi/14.2.1/includ
 113              		.file 9 "/Applications/ArmGNUToolchain/14.2.rel1/arm-none-eabi/arm-none-eabi/include/math.h"
 114              		.file 10 "/Applications/ArmGNUToolchain/14.2.rel1/arm-none-eabi/arm-none-eabi/include/stdlib.h"
 115              		.file 11 "/Applications/ArmGNUToolchain/14.2.rel1/arm-none-eabi/arm-none-eabi/include/c++/14.2.1/m
 116              		.file 12 "../eurorack/stmlib/stmlib.h"
 117              		.file 13 "/Applications/ArmGNUToolchain/14.2.rel1/arm-none-eabi/arm-none-eabi/include/c++/14.2.1/a
 118              		.file 14 "../eurorack/plaits/dsp/fm/patch.h"
 119              		.file 15 "/Applications/ArmGNUToolchain/14.2.rel1/arm-none-eabi/arm-none-eabi/include/c++/14.2.1/b
 120              		.file 16 "../eurorack/plaits/dsp/fm/dx_units.h"
ARM GAS  /var/folders/y7/g6pkzsp12sx54x3s3mvyn15r0000gn/T//ccLmEzfk.s 			page 3


DEFINED SYMBOLS
                            *ABS*:00000000 dx_units.cc
/var/folders/y7/g6pkzsp12sx54x3s3mvyn15r0000gn/T//ccLmEzfk.s:24     .rodata._ZN6plaits2fm13lut_cube_rootE:00000000 _ZN6plaits2fm13lut_cube_rootE
/var/folders/y7/g6pkzsp12sx54x3s3mvyn15r0000gn/T//ccLmEzfk.s:21     .rodata._ZN6plaits2fm13lut_cube_rootE:00000000 $d
/var/folders/y7/g6pkzsp12sx54x3s3mvyn15r0000gn/T//ccLmEzfk.s:47     .rodata._ZN6plaits2fm25lut_pitch_mod_sensitivityE:00000000 _ZN6plaits2fm25lut_pitch_mod_sensitivityE
/var/folders/y7/g6pkzsp12sx54x3s3mvyn15r0000gn/T//ccLmEzfk.s:44     .rodata._ZN6plaits2fm25lut_pitch_mod_sensitivityE:00000000 $d
/var/folders/y7/g6pkzsp12sx54x3s3mvyn15r0000gn/T//ccLmEzfk.s:61     .rodata._ZN6plaits2fm23lut_amp_mod_sensitivityE:00000000 _ZN6plaits2fm23lut_amp_mod_sensitivityE
/var/folders/y7/g6pkzsp12sx54x3s3mvyn15r0000gn/T//ccLmEzfk.s:58     .rodata._ZN6plaits2fm23lut_amp_mod_sensitivityE:00000000 $d
/var/folders/y7/g6pkzsp12sx54x3s3mvyn15r0000gn/T//ccLmEzfk.s:71     .rodata._ZN6plaits2fm10lut_coarseE:00000000 _ZN6plaits2fm10lut_coarseE
/var/folders/y7/g6pkzsp12sx54x3s3mvyn15r0000gn/T//ccLmEzfk.s:68     .rodata._ZN6plaits2fm10lut_coarseE:00000000 $d

NO UNDEFINED SYMBOLS
