ARM GAS  /var/folders/y7/g6pkzsp12sx54x3s3mvyn15r0000gn/T//ccTAWinr.s 			page 1


   1              		.cpu cortex-m7
   2              		.arch armv7e-m
   3              		.fpu fpv5-d16
   4              		.eabi_attribute 28, 1
   5              		.eabi_attribute 20, 1
   6              		.eabi_attribute 21, 1
   7              		.eabi_attribute 23, 3
   8              		.eabi_attribute 24, 1
   9              		.eabi_attribute 25, 1
  10              		.eabi_attribute 26, 1
  11              		.eabi_attribute 30, 4
  12              		.eabi_attribute 34, 1
  13              		.eabi_attribute 18, 4
  14              		.file	"lpc_speech_synth_phonemes.cc"
  15              		.text
  16              	.Ltext0:
  17              		.cfi_sections	.debug_frame
  18              		.file 1 "../eurorack/plaits/dsp/speech/lpc_speech_synth_phonemes.cc"
  19              		.global	_ZN6plaits24LPCSpeechSynthController9phonemes_E
  20              		.section	.rodata._ZN6plaits24LPCSpeechSynthController9phonemes_E,"a"
  21              		.align	1
  24              	_ZN6plaits24LPCSpeechSynthController9phonemes_E:
  25 0000 C0       		.byte	-64
  26 0001 50       		.byte	80
  27 0002 40B8     		.short	-18368
  28 0004 402D     		.short	11584
  29 0006 34       		.byte	52
  30 0007 1D       		.byte	29
  31 0008 17       		.byte	23
  32 0009 0E       		.byte	14
  33 000a EF       		.byte	-17
  34 000b 4F       		.byte	79
  35 000c 25       		.byte	37
  36 000d 04       		.byte	4
  37 000e C0       		.byte	-64
  38 000f 50       		.byte	80
  39 0010 40C7     		.short	-14528
  40 0012 0006     		.short	1536
  41 0014 26       		.byte	38
  42 0015 1D       		.byte	29
  43 0016 0B       		.byte	11
  44 0017 0E       		.byte	14
  45 0018 D7       		.byte	-41
  46 0019 4F       		.byte	79
  47 001a 39       		.byte	57
  48 001b 04       		.byte	4
  49 001c C0       		.byte	-64
  50 001d 50       		.byte	80
  51 001e C038     		.short	14528
  52 0020 0024     		.short	9216
  53 0022 19       		.byte	25
  54 0023 CA       		.byte	-54
  55 0024 BA       		.byte	-70
  56 0025 24       		.byte	36
  57 0026 13       		.byte	19
  58 0027 4F       		.byte	79
  59 0028 39       		.byte	57
ARM GAS  /var/folders/y7/g6pkzsp12sx54x3s3mvyn15r0000gn/T//ccTAWinr.s 			page 2


  60 0029 16       		.byte	22
  61 002a C0       		.byte	-64
  62 002b 50       		.byte	80
  63 002c 40C7     		.short	-14528
  64 002e 80CB     		.short	-13440
  65 0030 26       		.byte	38
  66 0031 39       		.byte	57
  67 0032 39       		.byte	57
  68 0033 0E       		.byte	14
  69 0034 CB       		.byte	-53
  70 0035 07       		.byte	7
  71 0036 25       		.byte	37
  72 0037 4D       		.byte	77
  73 0038 C0       		.byte	-64
  74 0039 50       		.byte	80
  75 003a 0099     		.short	-26368
  76 003c 4010     		.short	4160
  77 003e 0B       		.byte	11
  78 003f 0F       		.byte	15
  79 0040 FF       		.byte	-1
  80 0041 24       		.byte	36
  81 0042 D7       		.byte	-41
  82 0043 1F       		.byte	31
  83 0044 4D       		.byte	77
  84 0045 16       		.byte	22
  85 0046 0F       		.byte	15
  86 0047 00       		.byte	0
  87 0048 4014     		.short	5184
  88 004a 0024     		.short	9216
  89 004c E3       		.byte	-29
  90 004d F4       		.byte	-12
  91 004e 00       		.byte	0
  92 004f 00       		.byte	0
  93 0050 00       		.byte	0
  94 0051 00       		.byte	0
  95 0052 00       		.byte	0
  96 0053 00       		.byte	0
  97 0054 0A       		.byte	10
  98 0055 00       		.byte	0
  99 0056 406D     		.short	27968
 100 0058 C045     		.short	17856
 101 005a 19       		.byte	25
 102 005b 2B       		.byte	43
 103 005c E8       		.byte	-24
 104 005d EC       		.byte	-20
 105 005e CB       		.byte	-53
 106 005f 37       		.byte	55
 107 0060 FC       		.byte	-4
 108 0061 CD       		.byte	-51
 109 0062 80       		.byte	-128
 110 0063 A0       		.byte	-96
 111 0064 C038     		.short	14528
 112 0066 80F1     		.short	-3712
 113 0068 D5       		.byte	-43
 114 0069 E6       		.byte	-26
 115 006a E8       		.byte	-24
 116 006b EC       		.byte	-20
ARM GAS  /var/folders/y7/g6pkzsp12sx54x3s3mvyn15r0000gn/T//ccTAWinr.s 			page 3


 117 006c CB       		.byte	-53
 118 006d 37       		.byte	55
 119 006e FC       		.byte	-4
 120 006f CD       		.byte	-51
 121 0070 80       		.byte	-128
 122 0071 A0       		.byte	-96
 123 0072 4027     		.short	10048
 124 0074 402D     		.short	11584
 125 0076 F0       		.byte	-16
 126 0077 0F       		.byte	15
 127 0078 00       		.byte	0
 128 0079 00       		.byte	0
 129 007a 00       		.byte	0
 130 007b 00       		.byte	0
 131 007c 00       		.byte	0
 132 007d 00       		.byte	0
 133 007e E0       		.byte	-32
 134 007f 64       		.byte	100
 135 0080 C047     		.short	18368
 136 0082 80CB     		.short	-13440
 137 0084 9F       		.byte	-97
 138 0085 E6       		.byte	-26
 139 0086 F4       		.byte	-12
 140 0087 CB       		.byte	-53
 141 0088 D7       		.byte	-41
 142 0089 07       		.byte	7
 143 008a 39       		.byte	57
 144 008b 20       		.byte	32
 145 008c C0       		.byte	-64
 146 008d 50       		.byte	80
 147 008e C0D8     		.short	-10048
 148 0090 0024     		.short	9216
 149 0092 BA       		.byte	-70
 150 0093 0F       		.byte	15
 151 0094 22       		.byte	34
 152 0095 EC       		.byte	-20
 153 0096 EF       		.byte	-17
 154 0097 1F       		.byte	31
 155 0098 E8       		.byte	-24
 156 0099 16       		.byte	22
 157 009a 60       		.byte	96
 158 009b A0       		.byte	-96
 159 009c 40B8     		.short	-18368
 160 009e C045     		.short	17856
 161 00a0 E3       		.byte	-29
 162 00a1 F4       		.byte	-12
 163 00a2 DD       		.byte	-35
 164 00a3 03       		.byte	3
 165 00a4 FB       		.byte	-5
 166 00a5 07       		.byte	7
 167 00a6 25       		.byte	37
 168 00a7 16       		.byte	22
 169 00a8 40       		.byte	64
 170 00a9 50       		.byte	80
 171 00aa 80AB     		.short	-21632
 172 00ac 80E7     		.short	-6272
 173 00ae AD       		.byte	-83
ARM GAS  /var/folders/y7/g6pkzsp12sx54x3s3mvyn15r0000gn/T//ccTAWinr.s 			page 4


 174 00af 1D       		.byte	29
 175 00b0 39       		.byte	57
 176 00b1 03       		.byte	3
 177 00b2 FB       		.byte	-5
 178 00b3 07       		.byte	7
 179 00b4 10       		.byte	16
 180 00b5 20       		.byte	32
 181 00b6 C0       		.byte	-64
 182 00b7 50       		.byte	80
 183 00b8 0000     		.short	0
 184 00ba C0FB     		.short	-1088
 185 00bc 0B       		.byte	11
 186 00bd E6       		.byte	-26
 187 00be E8       		.byte	-24
 188 00bf F7       		.byte	-9
 189 00c0 FB       		.byte	-5
 190 00c1 37       		.byte	55
 191 00c2 25       		.byte	37
 192 00c3 16       		.byte	22
 193 00c4 40       		.byte	64
 194 00c5 50       		.byte	80
 195 00c6 8054     		.short	21632
 196 00c8 80BB     		.short	-17536
 197 00ca 9F       		.byte	-97
 198 00cb 55       		.byte	85
 199 00cc 39       		.byte	57
 200 00cd EC       		.byte	-20
 201 00ce EF       		.byte	-17
 202 00cf 1F       		.byte	31
 203 00d0 FC       		.byte	-4
 204 00d1 3B       		.byte	59
 205              		.text
 206              	.Letext0:
 207              		.file 2 "/Applications/ArmGNUToolchain/14.2.rel1/arm-none-eabi/arm-none-eabi/include/machine/_defa
 208              		.file 3 "/Applications/ArmGNUToolchain/14.2.rel1/arm-none-eabi/arm-none-eabi/include/sys/_stdint.h
 209              		.file 4 "/Applications/ArmGNUToolchain/14.2.rel1/arm-none-eabi/lib/gcc/arm-none-eabi/14.2.1/includ
 210              		.file 5 "/Applications/ArmGNUToolchain/14.2.rel1/arm-none-eabi/arm-none-eabi/include/c++/14.2.1/cm
 211              		.file 6 "/Applications/ArmGNUToolchain/14.2.rel1/arm-none-eabi/arm-none-eabi/include/c++/14.2.1/bi
 212              		.file 7 "/Applications/ArmGNUToolchain/14.2.rel1/arm-none-eabi/arm-none-eabi/include/math.h"
 213              		.file 8 "/Applications/ArmGNUToolchain/14.2.rel1/arm-none-eabi/arm-none-eabi/include/c++/14.2.1/ma
 214              		.file 9 "/Applications/ArmGNUToolchain/14.2.rel1/arm-none-eabi/arm-none-eabi/include/c++/14.2.1/ar
 215              		.file 10 "../eurorack/stmlib/stmlib.h"
 216              		.file 11 "../eurorack/stmlib/utils/buffer_allocator.h"
 217              		.file 12 "../eurorack/plaits/dsp/dsp.h"
 218              		.file 13 "../eurorack/plaits/dsp/speech/lpc_speech_synth.h"
 219              		.file 14 "../eurorack/plaits/dsp/speech/lpc_speech_synth_controller.h"
ARM GAS  /var/folders/y7/g6pkzsp12sx54x3s3mvyn15r0000gn/T//ccTAWinr.s 			page 5


DEFINED SYMBOLS
                            *ABS*:00000000 lpc_speech_synth_phonemes.cc
/var/folders/y7/g6pkzsp12sx54x3s3mvyn15r0000gn/T//ccTAWinr.s:24     .rodata._ZN6plaits24LPCSpeechSynthController9phonemes_E:00000000 _ZN6plaits24LPCSpeechSynthController9phonemes_E
/var/folders/y7/g6pkzsp12sx54x3s3mvyn15r0000gn/T//ccTAWinr.s:21     .rodata._ZN6plaits24LPCSpeechSynthController9phonemes_E:00000000 $d

NO UNDEFINED SYMBOLS
