ARM GAS  /var/folders/y7/g6pkzsp12sx54x3s3mvyn15r0000gn/T//cc5s1COI.s 			page 1


   1              		.cpu cortex-m7
   2              		.arch armv7e-m
   3              		.fpu fpv5-d16
   4              		.eabi_attribute 28, 1
   5              		.eabi_attribute 20, 1
   6              		.eabi_attribute 21, 1
   7              		.eabi_attribute 23, 3
   8              		.eabi_attribute 24, 1
   9              		.eabi_attribute 25, 1
  10              		.eabi_attribute 26, 1
  11              		.eabi_attribute 30, 4
  12              		.eabi_attribute 34, 1
  13              		.eabi_attribute 18, 4
  14              		.file	"random.cc"
  15              		.text
  16              	.Ltext0:
  17              		.cfi_sections	.debug_frame
  18              		.file 1 "../eurorack/stmlib/utils/random.cc"
  19              		.global	_ZN6stmlib6Random10rng_state_E
  20              		.section	.data._ZN6stmlib6Random10rng_state_E,"aw"
  21              		.align	2
  24              	_ZN6stmlib6Random10rng_state_E:
  25 0000 21000000 		.word	33
  26              		.text
  27              	.Letext0:
  28              		.file 2 "/Applications/ArmGNUToolchain/14.2.rel1/arm-none-eabi/arm-none-eabi/include/machine/_defa
  29              		.file 3 "/Applications/ArmGNUToolchain/14.2.rel1/arm-none-eabi/arm-none-eabi/include/sys/_stdint.h
  30              		.file 4 "../libDaisy/Drivers/CMSIS-Device/ST/STM32H7xx/Include/stm32h7xx.h"
  31              		.file 5 "/Applications/ArmGNUToolchain/14.2.rel1/arm-none-eabi/arm-none-eabi/include/c++/14.2.1/bi
  32              		.file 6 "/Applications/ArmGNUToolchain/14.2.rel1/arm-none-eabi/arm-none-eabi/include/c++/14.2.1/cm
  33              		.file 7 "/Applications/ArmGNUToolchain/14.2.rel1/arm-none-eabi/arm-none-eabi/include/c++/14.2.1/bi
  34              		.file 8 "/Applications/ArmGNUToolchain/14.2.rel1/arm-none-eabi/arm-none-eabi/include/math.h"
  35              		.file 9 "/Applications/ArmGNUToolchain/14.2.rel1/arm-none-eabi/arm-none-eabi/include/c++/14.2.1/ma
  36              		.file 10 "../libDaisy/Drivers/STM32H7xx_HAL_Driver/Inc/stm32h7xx_hal_comp.h"
  37              		.file 11 "../libDaisy/Drivers/STM32H7xx_HAL_Driver/Inc/stm32h7xx_hal.h"
  38              		.file 12 "/Applications/ArmGNUToolchain/14.2.rel1/arm-none-eabi/arm-none-eabi/include/c++/14.2.1/a
  39              		.file 13 "../eurorack/stmlib/stmlib.h"
  40              		.file 14 "../eurorack/stmlib/utils/random.h"
ARM GAS  /var/folders/y7/g6pkzsp12sx54x3s3mvyn15r0000gn/T//cc5s1COI.s 			page 2


DEFINED SYMBOLS
                            *ABS*:00000000 random.cc
/var/folders/y7/g6pkzsp12sx54x3s3mvyn15r0000gn/T//cc5s1COI.s:24     .data._ZN6stmlib6Random10rng_state_E:00000000 _ZN6stmlib6Random10rng_state_E
/var/folders/y7/g6pkzsp12sx54x3s3mvyn15r0000gn/T//cc5s1COI.s:21     .data._ZN6stmlib6Random10rng_state_E:00000000 $d

NO UNDEFINED SYMBOLS
