ARM GAS  /var/folders/y7/g6pkzsp12sx54x3s3mvyn15r0000gn/T//ccB0KYn4.s 			page 1


   1              		.cpu cortex-m7
   2              		.arch armv7e-m
   3              		.fpu fpv5-d16
   4              		.eabi_attribute 28, 1
   5              		.eabi_attribute 20, 1
   6              		.eabi_attribute 21, 1
   7              		.eabi_attribute 23, 3
   8              		.eabi_attribute 24, 1
   9              		.eabi_attribute 25, 1
  10              		.eabi_attribute 26, 1
  11              		.eabi_attribute 30, 4
  12              		.eabi_attribute 34, 1
  13              		.eabi_attribute 18, 4
  14              		.file	"speech_engine.cc"
  15              		.text
  16              	.Ltext0:
  17              		.cfi_sections	.debug_frame
  18              		.file 1 "../eurorack/plaits/dsp/engine/speech_engine.cc"
  19              		.section	.text._ZN6plaits12SpeechEngine12LoadUserDataEPKh,"axG",%progbits,_ZN6plaits12SpeechEngine
  20              		.align	1
  21              		.weak	_ZN6plaits12SpeechEngine12LoadUserDataEPKh
  22              		.syntax unified
  23              		.thumb
  24              		.thumb_func
  26              	_ZN6plaits12SpeechEngine12LoadUserDataEPKh:
  27              	.LVL0:
  28              	.LFB1429:
  29              		.file 2 "../eurorack/plaits/dsp/engine/speech_engine.h"
   1:../eurorack/plaits/dsp/engine/speech_engine.h **** // Copyright 2016 Emilie Gillet.
   2:../eurorack/plaits/dsp/engine/speech_engine.h **** //
   3:../eurorack/plaits/dsp/engine/speech_engine.h **** // Author: Emilie Gillet (emilie.o.gillet@gmail.com)
   4:../eurorack/plaits/dsp/engine/speech_engine.h **** //
   5:../eurorack/plaits/dsp/engine/speech_engine.h **** // Permission is hereby granted, free of charge, to any person obtaining a copy
   6:../eurorack/plaits/dsp/engine/speech_engine.h **** // of this software and associated documentation files (the "Software"), to deal
   7:../eurorack/plaits/dsp/engine/speech_engine.h **** // in the Software without restriction, including without limitation the rights
   8:../eurorack/plaits/dsp/engine/speech_engine.h **** // to use, copy, modify, merge, publish, distribute, sublicense, and/or sell
   9:../eurorack/plaits/dsp/engine/speech_engine.h **** // copies of the Software, and to permit persons to whom the Software is
  10:../eurorack/plaits/dsp/engine/speech_engine.h **** // furnished to do so, subject to the following conditions:
  11:../eurorack/plaits/dsp/engine/speech_engine.h **** // 
  12:../eurorack/plaits/dsp/engine/speech_engine.h **** // The above copyright notice and this permission notice shall be included in
  13:../eurorack/plaits/dsp/engine/speech_engine.h **** // all copies or substantial portions of the Software.
  14:../eurorack/plaits/dsp/engine/speech_engine.h **** // 
  15:../eurorack/plaits/dsp/engine/speech_engine.h **** // THE SOFTWARE IS PROVIDED "AS IS", WITHOUT WARRANTY OF ANY KIND, EXPRESS OR
  16:../eurorack/plaits/dsp/engine/speech_engine.h **** // IMPLIED, INCLUDING BUT NOT LIMITED TO THE WARRANTIES OF MERCHANTABILITY,
  17:../eurorack/plaits/dsp/engine/speech_engine.h **** // FITNESS FOR A PARTICULAR PURPOSE AND NONINFRINGEMENT. IN NO EVENT SHALL THE
  18:../eurorack/plaits/dsp/engine/speech_engine.h **** // AUTHORS OR COPYRIGHT HOLDERS BE LIABLE FOR ANY CLAIM, DAMAGES OR OTHER
  19:../eurorack/plaits/dsp/engine/speech_engine.h **** // LIABILITY, WHETHER IN AN ACTION OF CONTRACT, TORT OR OTHERWISE, ARISING FROM,
  20:../eurorack/plaits/dsp/engine/speech_engine.h **** // OUT OF OR IN CONNECTION WITH THE SOFTWARE OR THE USE OR OTHER DEALINGS IN
  21:../eurorack/plaits/dsp/engine/speech_engine.h **** // THE SOFTWARE.
  22:../eurorack/plaits/dsp/engine/speech_engine.h **** // 
  23:../eurorack/plaits/dsp/engine/speech_engine.h **** // See http://creativecommons.org/licenses/MIT/ for more information.
  24:../eurorack/plaits/dsp/engine/speech_engine.h **** //
  25:../eurorack/plaits/dsp/engine/speech_engine.h **** // -----------------------------------------------------------------------------
  26:../eurorack/plaits/dsp/engine/speech_engine.h **** //
  27:../eurorack/plaits/dsp/engine/speech_engine.h **** // Various flavours of speech synthesis.
  28:../eurorack/plaits/dsp/engine/speech_engine.h **** 
  29:../eurorack/plaits/dsp/engine/speech_engine.h **** #ifndef PLAITS_DSP_ENGINE_SPEECH_ENGINE_H_
ARM GAS  /var/folders/y7/g6pkzsp12sx54x3s3mvyn15r0000gn/T//ccB0KYn4.s 			page 2


  30:../eurorack/plaits/dsp/engine/speech_engine.h **** #define PLAITS_DSP_ENGINE_SPEECH_ENGINE_H_
  31:../eurorack/plaits/dsp/engine/speech_engine.h **** 
  32:../eurorack/plaits/dsp/engine/speech_engine.h **** #include "stmlib/dsp/hysteresis_quantizer.h"
  33:../eurorack/plaits/dsp/engine/speech_engine.h **** 
  34:../eurorack/plaits/dsp/engine/speech_engine.h **** #include "plaits/dsp/engine/engine.h"
  35:../eurorack/plaits/dsp/engine/speech_engine.h **** #include "plaits/dsp/speech/lpc_speech_synth_controller.h"
  36:../eurorack/plaits/dsp/engine/speech_engine.h **** #include "plaits/dsp/speech/naive_speech_synth.h"
  37:../eurorack/plaits/dsp/engine/speech_engine.h **** #include "plaits/dsp/speech/sam_speech_synth.h"
  38:../eurorack/plaits/dsp/engine/speech_engine.h **** 
  39:../eurorack/plaits/dsp/engine/speech_engine.h **** namespace plaits {
  40:../eurorack/plaits/dsp/engine/speech_engine.h **** 
  41:../eurorack/plaits/dsp/engine/speech_engine.h **** class SpeechEngine : public Engine {
  42:../eurorack/plaits/dsp/engine/speech_engine.h ****  public:
  43:../eurorack/plaits/dsp/engine/speech_engine.h ****   SpeechEngine() { }
  44:../eurorack/plaits/dsp/engine/speech_engine.h ****   ~SpeechEngine() { }
  45:../eurorack/plaits/dsp/engine/speech_engine.h ****   
  46:../eurorack/plaits/dsp/engine/speech_engine.h ****   virtual void Init(stmlib::BufferAllocator* allocator);
  47:../eurorack/plaits/dsp/engine/speech_engine.h ****   virtual void Reset();
  48:../eurorack/plaits/dsp/engine/speech_engine.h ****   virtual void LoadUserData(const uint8_t* user_data) { }
  30              		.loc 2 48 16 view -0
  31              		.cfi_startproc
  32              		@ args = 0, pretend = 0, frame = 0
  33              		@ frame_needed = 0, uses_anonymous_args = 0
  34              		@ link register save eliminated.
  35              		.loc 2 48 57 is_stmt 0 view .LVU1
  36 0000 7047     		bx	lr
  37              		.cfi_endproc
  38              	.LFE1429:
  40              		.section	.text._ZN6plaits12SpeechEngine5ResetEv,"ax",%progbits
  41              		.align	1
  42              		.global	_ZN6plaits12SpeechEngine5ResetEv
  43              		.syntax unified
  44              		.thumb
  45              		.thumb_func
  47              	_ZN6plaits12SpeechEngine5ResetEv:
  48              	.LVL1:
  49              	.LFB1433:
   1:../eurorack/plaits/dsp/engine/speech_engine.cc **** // Copyright 2016 Emilie Gillet.
   2:../eurorack/plaits/dsp/engine/speech_engine.cc **** //
   3:../eurorack/plaits/dsp/engine/speech_engine.cc **** // Author: Emilie Gillet (emilie.o.gillet@gmail.com)
   4:../eurorack/plaits/dsp/engine/speech_engine.cc **** //
   5:../eurorack/plaits/dsp/engine/speech_engine.cc **** // Permission is hereby granted, free of charge, to any person obtaining a copy
   6:../eurorack/plaits/dsp/engine/speech_engine.cc **** // of this software and associated documentation files (the "Software"), to deal
   7:../eurorack/plaits/dsp/engine/speech_engine.cc **** // in the Software without restriction, including without limitation the rights
   8:../eurorack/plaits/dsp/engine/speech_engine.cc **** // to use, copy, modify, merge, publish, distribute, sublicense, and/or sell
   9:../eurorack/plaits/dsp/engine/speech_engine.cc **** // copies of the Software, and to permit persons to whom the Software is
  10:../eurorack/plaits/dsp/engine/speech_engine.cc **** // furnished to do so, subject to the following conditions:
  11:../eurorack/plaits/dsp/engine/speech_engine.cc **** // 
  12:../eurorack/plaits/dsp/engine/speech_engine.cc **** // The above copyright notice and this permission notice shall be included in
  13:../eurorack/plaits/dsp/engine/speech_engine.cc **** // all copies or substantial portions of the Software.
  14:../eurorack/plaits/dsp/engine/speech_engine.cc **** // 
  15:../eurorack/plaits/dsp/engine/speech_engine.cc **** // THE SOFTWARE IS PROVIDED "AS IS", WITHOUT WARRANTY OF ANY KIND, EXPRESS OR
  16:../eurorack/plaits/dsp/engine/speech_engine.cc **** // IMPLIED, INCLUDING BUT NOT LIMITED TO THE WARRANTIES OF MERCHANTABILITY,
  17:../eurorack/plaits/dsp/engine/speech_engine.cc **** // FITNESS FOR A PARTICULAR PURPOSE AND NONINFRINGEMENT. IN NO EVENT SHALL THE
  18:../eurorack/plaits/dsp/engine/speech_engine.cc **** // AUTHORS OR COPYRIGHT HOLDERS BE LIABLE FOR ANY CLAIM, DAMAGES OR OTHER
  19:../eurorack/plaits/dsp/engine/speech_engine.cc **** // LIABILITY, WHETHER IN AN ACTION OF CONTRACT, TORT OR OTHERWISE, ARISING FROM,
  20:../eurorack/plaits/dsp/engine/speech_engine.cc **** // OUT OF OR IN CONNECTION WITH THE SOFTWARE OR THE USE OR OTHER DEALINGS IN
ARM GAS  /var/folders/y7/g6pkzsp12sx54x3s3mvyn15r0000gn/T//ccB0KYn4.s 			page 3


  21:../eurorack/plaits/dsp/engine/speech_engine.cc **** // THE SOFTWARE.
  22:../eurorack/plaits/dsp/engine/speech_engine.cc **** // 
  23:../eurorack/plaits/dsp/engine/speech_engine.cc **** // See http://creativecommons.org/licenses/MIT/ for more information.
  24:../eurorack/plaits/dsp/engine/speech_engine.cc **** //
  25:../eurorack/plaits/dsp/engine/speech_engine.cc **** // -----------------------------------------------------------------------------
  26:../eurorack/plaits/dsp/engine/speech_engine.cc **** //
  27:../eurorack/plaits/dsp/engine/speech_engine.cc **** // Various flavours of speech synthesis.
  28:../eurorack/plaits/dsp/engine/speech_engine.cc **** 
  29:../eurorack/plaits/dsp/engine/speech_engine.cc **** #include "plaits/dsp/engine/speech_engine.h"
  30:../eurorack/plaits/dsp/engine/speech_engine.cc **** 
  31:../eurorack/plaits/dsp/engine/speech_engine.cc **** #include "plaits/dsp/speech/lpc_speech_synth_words.h"
  32:../eurorack/plaits/dsp/engine/speech_engine.cc **** 
  33:../eurorack/plaits/dsp/engine/speech_engine.cc **** namespace plaits {
  34:../eurorack/plaits/dsp/engine/speech_engine.cc **** 
  35:../eurorack/plaits/dsp/engine/speech_engine.cc **** using namespace std;
  36:../eurorack/plaits/dsp/engine/speech_engine.cc **** using namespace stmlib;
  37:../eurorack/plaits/dsp/engine/speech_engine.cc **** 
  38:../eurorack/plaits/dsp/engine/speech_engine.cc **** void SpeechEngine::Init(BufferAllocator* allocator) {
  39:../eurorack/plaits/dsp/engine/speech_engine.cc ****   sam_speech_synth_.Init();
  40:../eurorack/plaits/dsp/engine/speech_engine.cc ****   naive_speech_synth_.Init();
  41:../eurorack/plaits/dsp/engine/speech_engine.cc ****   lpc_speech_synth_word_bank_.Init(
  42:../eurorack/plaits/dsp/engine/speech_engine.cc ****       word_banks_,
  43:../eurorack/plaits/dsp/engine/speech_engine.cc ****       LPC_SPEECH_SYNTH_NUM_WORD_BANKS,
  44:../eurorack/plaits/dsp/engine/speech_engine.cc ****       allocator);
  45:../eurorack/plaits/dsp/engine/speech_engine.cc ****   lpc_speech_synth_controller_.Init(&lpc_speech_synth_word_bank_);
  46:../eurorack/plaits/dsp/engine/speech_engine.cc ****   word_bank_quantizer_.Init(LPC_SPEECH_SYNTH_NUM_WORD_BANKS + 1, 0.1f, false);
  47:../eurorack/plaits/dsp/engine/speech_engine.cc ****   
  48:../eurorack/plaits/dsp/engine/speech_engine.cc ****   temp_buffer_[0] = allocator->Allocate<float>(kMaxBlockSize);
  49:../eurorack/plaits/dsp/engine/speech_engine.cc ****   temp_buffer_[1] = allocator->Allocate<float>(kMaxBlockSize);
  50:../eurorack/plaits/dsp/engine/speech_engine.cc ****   
  51:../eurorack/plaits/dsp/engine/speech_engine.cc ****   prosody_amount_ = 0.0f;
  52:../eurorack/plaits/dsp/engine/speech_engine.cc ****   speed_ = 0.0f;
  53:../eurorack/plaits/dsp/engine/speech_engine.cc **** }
  54:../eurorack/plaits/dsp/engine/speech_engine.cc **** 
  55:../eurorack/plaits/dsp/engine/speech_engine.cc **** void SpeechEngine::Reset() {
  50              		.loc 1 55 28 is_stmt 1 view -0
  51              		.cfi_startproc
  52              		@ args = 0, pretend = 0, frame = 0
  53              		@ frame_needed = 0, uses_anonymous_args = 0
  54              		@ link register save eliminated.
  56:../eurorack/plaits/dsp/engine/speech_engine.cc ****   lpc_speech_synth_word_bank_.Reset();
  55              		.loc 1 56 3 view .LVU3
  56              		.loc 1 56 36 is_stmt 0 view .LVU4
  57 0000 00F5BC70 		add	r0, r0, #376
  58              	.LVL2:
  59              		.loc 1 56 36 view .LVU5
  60 0004 FFF7FEBF 		b	_ZN6plaits22LPCSpeechSynthWordBank5ResetEv
  61              	.LVL3:
  62              		.loc 1 56 36 view .LVU6
  63              		.cfi_endproc
  64              	.LFE1433:
  66              		.section	.text._ZN6plaits12SpeechEngine6RenderERKNS_16EngineParametersEPfS4_jPb,"ax",%progbits
  67              		.align	1
  68              		.global	_ZN6plaits12SpeechEngine6RenderERKNS_16EngineParametersEPfS4_jPb
  69              		.syntax unified
  70              		.thumb
  71              		.thumb_func
ARM GAS  /var/folders/y7/g6pkzsp12sx54x3s3mvyn15r0000gn/T//ccB0KYn4.s 			page 4


  73              	_ZN6plaits12SpeechEngine6RenderERKNS_16EngineParametersEPfS4_jPb:
  74              	.LVL4:
  75              	.LFB1434:
  57:../eurorack/plaits/dsp/engine/speech_engine.cc **** }
  58:../eurorack/plaits/dsp/engine/speech_engine.cc **** 
  59:../eurorack/plaits/dsp/engine/speech_engine.cc **** void SpeechEngine::Render(
  60:../eurorack/plaits/dsp/engine/speech_engine.cc ****     const EngineParameters& parameters,
  61:../eurorack/plaits/dsp/engine/speech_engine.cc ****     float* out,
  62:../eurorack/plaits/dsp/engine/speech_engine.cc ****     float* aux,
  63:../eurorack/plaits/dsp/engine/speech_engine.cc ****     size_t size,
  64:../eurorack/plaits/dsp/engine/speech_engine.cc ****     bool* already_enveloped) {
  76              		.loc 1 64 30 is_stmt 1 view -0
  77              		.cfi_startproc
  78              		@ args = 8, pretend = 0, frame = 0
  79              		@ frame_needed = 0, uses_anonymous_args = 0
  65:../eurorack/plaits/dsp/engine/speech_engine.cc ****   const float f0 = NoteToFrequency(parameters.note);
  80              		.loc 1 65 3 view .LVU8
  64:../eurorack/plaits/dsp/engine/speech_engine.cc ****   const float f0 = NoteToFrequency(parameters.note);
  81              		.loc 1 64 30 is_stmt 0 view .LVU9
  82 0000 2DE9F043 		push	{r4, r5, r6, r7, r8, r9, lr}
  83              		.cfi_def_cfa_offset 28
  84              		.cfi_offset 4, -28
  85              		.cfi_offset 5, -24
  86              		.cfi_offset 6, -20
  87              		.cfi_offset 7, -16
  88              		.cfi_offset 8, -12
  89              		.cfi_offset 9, -8
  90              		.cfi_offset 14, -4
  91 0004 0E46     		mov	r6, r1
  92              	.LVL5:
  93              	.LBB16:
  94              	.LBI16:
  95              		.file 3 "../eurorack/plaits/dsp/engine/engine.h"
   1:../eurorack/plaits/dsp/engine/engine.h **** // Copyright 2016 Emilie Gillet.
   2:../eurorack/plaits/dsp/engine/engine.h **** //
   3:../eurorack/plaits/dsp/engine/engine.h **** // Author: Emilie Gillet (emilie.o.gillet@gmail.com)
   4:../eurorack/plaits/dsp/engine/engine.h **** //
   5:../eurorack/plaits/dsp/engine/engine.h **** // Permission is hereby granted, free of charge, to any person obtaining a copy
   6:../eurorack/plaits/dsp/engine/engine.h **** // of this software and associated documentation files (the "Software"), to deal
   7:../eurorack/plaits/dsp/engine/engine.h **** // in the Software without restriction, including without limitation the rights
   8:../eurorack/plaits/dsp/engine/engine.h **** // to use, copy, modify, merge, publish, distribute, sublicense, and/or sell
   9:../eurorack/plaits/dsp/engine/engine.h **** // copies of the Software, and to permit persons to whom the Software is
  10:../eurorack/plaits/dsp/engine/engine.h **** // furnished to do so, subject to the following conditions:
  11:../eurorack/plaits/dsp/engine/engine.h **** // 
  12:../eurorack/plaits/dsp/engine/engine.h **** // The above copyright notice and this permission notice shall be included in
  13:../eurorack/plaits/dsp/engine/engine.h **** // all copies or substantial portions of the Software.
  14:../eurorack/plaits/dsp/engine/engine.h **** // 
  15:../eurorack/plaits/dsp/engine/engine.h **** // THE SOFTWARE IS PROVIDED "AS IS", WITHOUT WARRANTY OF ANY KIND, EXPRESS OR
  16:../eurorack/plaits/dsp/engine/engine.h **** // IMPLIED, INCLUDING BUT NOT LIMITED TO THE WARRANTIES OF MERCHANTABILITY,
  17:../eurorack/plaits/dsp/engine/engine.h **** // FITNESS FOR A PARTICULAR PURPOSE AND NONINFRINGEMENT. IN NO EVENT SHALL THE
  18:../eurorack/plaits/dsp/engine/engine.h **** // AUTHORS OR COPYRIGHT HOLDERS BE LIABLE FOR ANY CLAIM, DAMAGES OR OTHER
  19:../eurorack/plaits/dsp/engine/engine.h **** // LIABILITY, WHETHER IN AN ACTION OF CONTRACT, TORT OR OTHERWISE, ARISING FROM,
  20:../eurorack/plaits/dsp/engine/engine.h **** // OUT OF OR IN CONNECTION WITH THE SOFTWARE OR THE USE OR OTHER DEALINGS IN
  21:../eurorack/plaits/dsp/engine/engine.h **** // THE SOFTWARE.
  22:../eurorack/plaits/dsp/engine/engine.h **** // 
  23:../eurorack/plaits/dsp/engine/engine.h **** // See http://creativecommons.org/licenses/MIT/ for more information.
  24:../eurorack/plaits/dsp/engine/engine.h **** //
ARM GAS  /var/folders/y7/g6pkzsp12sx54x3s3mvyn15r0000gn/T//ccB0KYn4.s 			page 5


  25:../eurorack/plaits/dsp/engine/engine.h **** // -----------------------------------------------------------------------------
  26:../eurorack/plaits/dsp/engine/engine.h **** //
  27:../eurorack/plaits/dsp/engine/engine.h **** // Base class for all engines.
  28:../eurorack/plaits/dsp/engine/engine.h **** 
  29:../eurorack/plaits/dsp/engine/engine.h **** #ifndef PLAITS_DSP_ENGINE_ENGINE_H_
  30:../eurorack/plaits/dsp/engine/engine.h **** #define PLAITS_DSP_ENGINE_ENGINE_H_
  31:../eurorack/plaits/dsp/engine/engine.h **** 
  32:../eurorack/plaits/dsp/engine/engine.h **** #include "plaits/dsp/dsp.h"
  33:../eurorack/plaits/dsp/engine/engine.h **** 
  34:../eurorack/plaits/dsp/engine/engine.h **** #include "stmlib/dsp/units.h"
  35:../eurorack/plaits/dsp/engine/engine.h **** #include "stmlib/utils/buffer_allocator.h"
  36:../eurorack/plaits/dsp/engine/engine.h **** 
  37:../eurorack/plaits/dsp/engine/engine.h **** namespace plaits {
  38:../eurorack/plaits/dsp/engine/engine.h **** 
  39:../eurorack/plaits/dsp/engine/engine.h **** inline float NoteToFrequency(float midi_note) {
  96              		.loc 3 39 14 is_stmt 1 view .LVU10
  97              	.LBB17:
  40:../eurorack/plaits/dsp/engine/engine.h ****   midi_note -= 9.0f;
  98              		.loc 3 40 3 view .LVU11
  99              		.loc 3 40 13 is_stmt 0 view .LVU12
 100 0006 F2EE027A 		vmov.f32	s15, #9.0e+0
 101              	.LBE17:
 102              	.LBE16:
  64:../eurorack/plaits/dsp/engine/speech_engine.cc ****   const float f0 = NoteToFrequency(parameters.note);
 103              		.loc 1 64 30 view .LVU13
 104 000a 0546     		mov	r5, r0
 105 000c 9046     		mov	r8, r2
 106              	.LBB33:
 107              	.LBB26:
 108              		.loc 3 40 13 view .LVU14
 109 000e 96ED017A 		vldr.32	s14, [r6, #4]
 110              	.LBE26:
 111              	.LBE33:
  64:../eurorack/plaits/dsp/engine/speech_engine.cc ****   const float f0 = NoteToFrequency(parameters.note);
 112              		.loc 1 64 30 view .LVU15
 113 0012 1F46     		mov	r7, r3
 114              	.LBB34:
 115              	.LBB27:
 116              		.loc 3 40 13 view .LVU16
 117 0014 37EE677A 		vsub.f32	s14, s14, s15
 118              	.LVL6:
  41:../eurorack/plaits/dsp/engine/engine.h ****   CONSTRAIN(midi_note, -128.0f, 127.0f);
 119              		.loc 3 41 3 is_stmt 1 view .LVU17
 120 0018 DFED8A7A 		vldr.32	s15, .L26
 121              	.LBE27:
 122              	.LBE34:
  64:../eurorack/plaits/dsp/engine/speech_engine.cc ****   const float f0 = NoteToFrequency(parameters.note);
 123              		.loc 1 64 30 is_stmt 0 view .LVU18
 124 001c 2DED048B 		vpush.64	{d8, d9}
 125              		.cfi_def_cfa_offset 44
 126              		.cfi_offset 80, -44
 127              		.cfi_offset 81, -40
 128              		.cfi_offset 82, -36
 129              		.cfi_offset 83, -32
 130              	.LBB35:
 131              	.LBB28:
 132              		.loc 3 41 3 view .LVU19
ARM GAS  /var/folders/y7/g6pkzsp12sx54x3s3mvyn15r0000gn/T//ccB0KYn4.s 			page 6


 133 0020 B4EEE77A 		vcmpe.f32	s14, s15
 134              	.LBE28:
 135              	.LBE35:
  64:../eurorack/plaits/dsp/engine/speech_engine.cc ****   const float f0 = NoteToFrequency(parameters.note);
 136              		.loc 1 64 30 view .LVU20
 137 0024 85B0     		sub	sp, sp, #20
 138              		.cfi_def_cfa_offset 64
  64:../eurorack/plaits/dsp/engine/speech_engine.cc ****   const float f0 = NoteToFrequency(parameters.note);
 139              		.loc 1 64 30 view .LVU21
 140 0026 DDE91091 		ldrd	r9, r1, [sp, #64]
 141              	.LVL7:
 142              	.LBB36:
 143              	.LBB29:
 144              		.loc 3 41 3 view .LVU22
 145 002a F1EE10FA 		vmrs	APSR_nzcv, FPSCR
 146 002e 07D4     		bmi	.L4
 147              		.loc 3 41 3 is_stmt 1 discriminator 2 view .LVU23
 148 0030 DFED857A 		vldr.32	s15, .L26+4
 149 0034 B4EEE77A 		vcmpe.f32	s14, s15
 150 0038 F1EE10FA 		vmrs	APSR_nzcv, FPSCR
 151 003c 77FE877A 		vselgt.f32	s15, s15, s14
 152              	.L4:
 153              	.LVL8:
 154              		.loc 3 41 40 discriminator 6 view .LVU24
  42:../eurorack/plaits/dsp/engine/engine.h ****   return a0 * 0.25f * stmlib::SemitonesToRatio(midi_note);
 155              		.loc 3 42 3 view .LVU25
 156              	.LBB18:
 157              	.LBI18:
 158              		.file 4 "../eurorack/stmlib/dsp/units.h"
   1:../eurorack/stmlib/dsp/units.h **** // Copyright 2014 Emilie Gillet.
   2:../eurorack/stmlib/dsp/units.h **** //
   3:../eurorack/stmlib/dsp/units.h **** // Author: Emilie Gillet (emilie.o.gillet@gmail.com)
   4:../eurorack/stmlib/dsp/units.h **** //
   5:../eurorack/stmlib/dsp/units.h **** // Permission is hereby granted, free of charge, to any person obtaining a copy
   6:../eurorack/stmlib/dsp/units.h **** // of this software and associated documentation files (the "Software"), to deal
   7:../eurorack/stmlib/dsp/units.h **** // in the Software without restriction, including without limitation the rights
   8:../eurorack/stmlib/dsp/units.h **** // to use, copy, modify, merge, publish, distribute, sublicense, and/or sell
   9:../eurorack/stmlib/dsp/units.h **** // copies of the Software, and to permit persons to whom the Software is
  10:../eurorack/stmlib/dsp/units.h **** // furnished to do so, subject to the following conditions:
  11:../eurorack/stmlib/dsp/units.h **** // 
  12:../eurorack/stmlib/dsp/units.h **** // The above copyright notice and this permission notice shall be included in
  13:../eurorack/stmlib/dsp/units.h **** // all copies or substantial portions of the Software.
  14:../eurorack/stmlib/dsp/units.h **** // 
  15:../eurorack/stmlib/dsp/units.h **** // THE SOFTWARE IS PROVIDED "AS IS", WITHOUT WARRANTY OF ANY KIND, EXPRESS OR
  16:../eurorack/stmlib/dsp/units.h **** // IMPLIED, INCLUDING BUT NOT LIMITED TO THE WARRANTIES OF MERCHANTABILITY,
  17:../eurorack/stmlib/dsp/units.h **** // FITNESS FOR A PARTICULAR PURPOSE AND NONINFRINGEMENT. IN NO EVENT SHALL THE
  18:../eurorack/stmlib/dsp/units.h **** // AUTHORS OR COPYRIGHT HOLDERS BE LIABLE FOR ANY CLAIM, DAMAGES OR OTHER
  19:../eurorack/stmlib/dsp/units.h **** // LIABILITY, WHETHER IN AN ACTION OF CONTRACT, TORT OR OTHERWISE, ARISING FROM,
  20:../eurorack/stmlib/dsp/units.h **** // OUT OF OR IN CONNECTION WITH THE SOFTWARE OR THE USE OR OTHER DEALINGS IN
  21:../eurorack/stmlib/dsp/units.h **** // THE SOFTWARE.
  22:../eurorack/stmlib/dsp/units.h **** // 
  23:../eurorack/stmlib/dsp/units.h **** // See http://creativecommons.org/licenses/MIT/ for more information.
  24:../eurorack/stmlib/dsp/units.h **** //
  25:../eurorack/stmlib/dsp/units.h **** // -----------------------------------------------------------------------------
  26:../eurorack/stmlib/dsp/units.h **** //
  27:../eurorack/stmlib/dsp/units.h **** // Conversion from semitones to frequency ratio.
  28:../eurorack/stmlib/dsp/units.h **** 
ARM GAS  /var/folders/y7/g6pkzsp12sx54x3s3mvyn15r0000gn/T//ccB0KYn4.s 			page 7


  29:../eurorack/stmlib/dsp/units.h **** #ifndef STMLIB_DSP_UNITS_H_
  30:../eurorack/stmlib/dsp/units.h **** #define STMLIB_DSP_UNITS_H_
  31:../eurorack/stmlib/dsp/units.h **** 
  32:../eurorack/stmlib/dsp/units.h **** #include "stmlib/stmlib.h"
  33:../eurorack/stmlib/dsp/units.h **** #include "stmlib/dsp/dsp.h"
  34:../eurorack/stmlib/dsp/units.h **** 
  35:../eurorack/stmlib/dsp/units.h **** namespace stmlib {
  36:../eurorack/stmlib/dsp/units.h **** 
  37:../eurorack/stmlib/dsp/units.h **** extern const float lut_pitch_ratio_high[257];
  38:../eurorack/stmlib/dsp/units.h **** extern const float lut_pitch_ratio_low[257];
  39:../eurorack/stmlib/dsp/units.h **** 
  40:../eurorack/stmlib/dsp/units.h **** inline float SemitonesToRatio(float semitones) {
 159              		.loc 4 40 14 view .LVU26
 160              	.LBB19:
  41:../eurorack/stmlib/dsp/units.h ****   float pitch = semitones + 128.0f;
 161              		.loc 4 41 3 view .LVU27
 162              		.loc 4 41 9 is_stmt 0 view .LVU28
 163 0040 9FED827A 		vldr.32	s14, .L26+8
 164              	.LBE19:
 165              	.LBE18:
 166              	.LBE29:
 167              	.LBE36:
 168              	.LBB37:
  66:../eurorack/plaits/dsp/engine/speech_engine.cc ****   
  67:../eurorack/plaits/dsp/engine/speech_engine.cc ****   const float group = parameters.harmonics * 6.0f;
  68:../eurorack/plaits/dsp/engine/speech_engine.cc ****   
  69:../eurorack/plaits/dsp/engine/speech_engine.cc ****   // Interpolates between the 3 models: naive, SAM, LPC.
  70:../eurorack/plaits/dsp/engine/speech_engine.cc ****   if (group <= 2.0f) {
 169              		.loc 1 70 3 view .LVU29
 170 0044 B0EE009A 		vmov.f32	s18, #2.0e+0
 171              	.LBE37:
 172              	.LBB62:
 173              	.LBB30:
 174              	.LBB23:
 175              	.LBB20:
  42:../eurorack/stmlib/dsp/units.h ****   MAKE_INTEGRAL_FRACTIONAL(pitch)
  43:../eurorack/stmlib/dsp/units.h **** 
  44:../eurorack/stmlib/dsp/units.h ****   return lut_pitch_ratio_high[pitch_integral] * \
  45:../eurorack/stmlib/dsp/units.h ****       lut_pitch_ratio_low[static_cast<int32_t>(pitch_fractional * 256.0f)];
 176              		.loc 4 45 74 view .LVU30
 177 0048 814A     		ldr	r2, .L26+12
 178              	.LVL9:
  41:../eurorack/stmlib/dsp/units.h ****   MAKE_INTEGRAL_FRACTIONAL(pitch)
 179              		.loc 4 41 9 view .LVU31
 180 004a 77EE877A 		vadd.f32	s15, s15, s14
 181              	.LVL10:
  42:../eurorack/stmlib/dsp/units.h ****   MAKE_INTEGRAL_FRACTIONAL(pitch)
 182              		.loc 4 42 3 is_stmt 1 view .LVU32
 183              	.LBE20:
 184              	.LBE23:
 185              	.LBE30:
 186              	.LBE62:
  67:../eurorack/plaits/dsp/engine/speech_engine.cc ****   
 187              		.loc 1 67 15 is_stmt 0 view .LVU33
 188 004e 96ED048A 		vldr.32	s16, [r6, #16]
 189              	.LBB63:
 190              	.LBB38:
ARM GAS  /var/folders/y7/g6pkzsp12sx54x3s3mvyn15r0000gn/T//ccB0KYn4.s 			page 8


  71:../eurorack/plaits/dsp/engine/speech_engine.cc ****     *already_enveloped = false;
  72:../eurorack/plaits/dsp/engine/speech_engine.cc ****     
  73:../eurorack/plaits/dsp/engine/speech_engine.cc ****     float blend = group;
  74:../eurorack/plaits/dsp/engine/speech_engine.cc ****     if (group <= 1.0f) {
  75:../eurorack/plaits/dsp/engine/speech_engine.cc ****       naive_speech_synth_.Render(
  76:../eurorack/plaits/dsp/engine/speech_engine.cc ****           parameters.trigger == TRIGGER_RISING_EDGE,
 191              		.loc 1 76 22 view .LVU34
 192 0052 D6F800C0 		ldr	ip, [r6]
  77:../eurorack/plaits/dsp/engine/speech_engine.cc ****           f0,
  78:../eurorack/plaits/dsp/engine/speech_engine.cc ****           parameters.morph,
 193              		.loc 1 78 22 view .LVU35
 194 0056 D6ED031A 		vldr.32	s3, [r6, #12]
 195              	.LBE38:
 196              	.LBE63:
 197              	.LBB64:
 198              	.LBB31:
 199              	.LBB24:
 200              	.LBB21:
  42:../eurorack/stmlib/dsp/units.h **** 
 201              		.loc 4 42 3 view .LVU36
 202 005a BDEEE77A 		vcvt.s32.f32	s14, s15
 203              	.LVL11:
  42:../eurorack/stmlib/dsp/units.h **** 
 204              		.loc 4 42 3 is_stmt 1 view .LVU37
  44:../eurorack/stmlib/dsp/units.h ****       lut_pitch_ratio_low[static_cast<int32_t>(pitch_fractional * 256.0f)];
 205              		.loc 4 44 3 view .LVU38
  44:../eurorack/stmlib/dsp/units.h ****       lut_pitch_ratio_low[static_cast<int32_t>(pitch_fractional * 256.0f)];
 206              		.loc 4 44 3 is_stmt 0 view .LVU39
 207              	.LBE21:
 208              	.LBE24:
 209              	.LBE31:
 210              	.LBE64:
 211              	.LBB65:
 212              	.LBB42:
  79:../eurorack/plaits/dsp/engine/speech_engine.cc ****           parameters.timbre,
 213              		.loc 1 79 22 view .LVU40
 214 005e 96ED022A 		vldr.32	s4, [r6, #8]
 215              	.LBE42:
 216              	.LBE65:
 217              	.LBB66:
 218              	.LBB32:
 219              	.LBB25:
 220              	.LBB22:
  42:../eurorack/stmlib/dsp/units.h **** 
 221              		.loc 4 42 3 view .LVU41
 222 0062 F8EEC76A 		vcvt.f32.s32	s13, s14
  44:../eurorack/stmlib/dsp/units.h ****       lut_pitch_ratio_low[static_cast<int32_t>(pitch_fractional * 256.0f)];
 223              		.loc 4 44 45 view .LVU42
 224 0066 17EE100A 		vmov	r0, s14	@ int
 225              	.LVL12:
  42:../eurorack/stmlib/dsp/units.h **** 
 226              		.loc 4 42 3 view .LVU43
 227 006a 77EEE67A 		vsub.f32	s15, s15, s13
 228              		.loc 4 45 27 view .LVU44
 229 006e FEEECC7A 		vcvt.s32.f32	s15, s15, #8
 230              		.loc 4 45 74 view .LVU45
 231 0072 17EE903A 		vmov	r3, s15	@ int
ARM GAS  /var/folders/y7/g6pkzsp12sx54x3s3mvyn15r0000gn/T//ccB0KYn4.s 			page 9


 232              	.LVL13:
 233              		.loc 4 45 74 view .LVU46
 234 0076 02EB8302 		add	r2, r2, r3, lsl #2
  44:../eurorack/stmlib/dsp/units.h ****       lut_pitch_ratio_low[static_cast<int32_t>(pitch_fractional * 256.0f)];
 235              		.loc 4 44 45 view .LVU47
 236 007a 764B     		ldr	r3, .L26+16
 237 007c 03EB8003 		add	r3, r3, r0, lsl #2
 238              		.loc 4 45 74 view .LVU48
 239 0080 D2ED008A 		vldr.32	s17, [r2]
 240 0084 D3ED007A 		vldr.32	s15, [r3]
 241 0088 68EEA78A 		vmul.f32	s17, s17, s15
 242              	.LBE22:
 243              	.LBE25:
 244              		.loc 3 42 57 discriminator 1 view .LVU49
 245 008c DFED727A 		vldr.32	s15, .L26+20
 246 0090 68EEA78A 		vmul.f32	s17, s17, s15
 247              	.LVL14:
 248              		.loc 3 42 57 discriminator 1 view .LVU50
 249              	.LBE32:
 250              	.LBE66:
  67:../eurorack/plaits/dsp/engine/speech_engine.cc ****   
 251              		.loc 1 67 3 is_stmt 1 view .LVU51
  67:../eurorack/plaits/dsp/engine/speech_engine.cc ****   
 252              		.loc 1 67 15 is_stmt 0 view .LVU52
 253 0094 F1EE087A 		vmov.f32	s15, #6.0e+0
 254 0098 28EE278A 		vmul.f32	s16, s16, s15
 255              	.LVL15:
  70:../eurorack/plaits/dsp/engine/speech_engine.cc ****     *already_enveloped = false;
 256              		.loc 1 70 3 is_stmt 1 view .LVU53
 257              	.LBB67:
 258 009c B4EEC98A 		vcmpe.f32	s16, s18
 259 00a0 F1EE10FA 		vmrs	APSR_nzcv, FPSCR
 260 00a4 7AD8     		bhi	.L24
 261              	.LBB43:
  71:../eurorack/plaits/dsp/engine/speech_engine.cc ****     
 262              		.loc 1 71 5 view .LVU54
  74:../eurorack/plaits/dsp/engine/speech_engine.cc ****       naive_speech_synth_.Render(
 263              		.loc 1 74 5 is_stmt 0 view .LVU55
 264 00a6 F7EE002A 		vmov.f32	s5, #1.0e+0
  71:../eurorack/plaits/dsp/engine/speech_engine.cc ****     
 265              		.loc 1 71 24 view .LVU56
 266 00aa 0023     		movs	r3, #0
 267 00ac 0B70     		strb	r3, [r1]
  73:../eurorack/plaits/dsp/engine/speech_engine.cc ****     if (group <= 1.0f) {
 268              		.loc 1 73 5 is_stmt 1 view .LVU57
 269              	.LVL16:
  74:../eurorack/plaits/dsp/engine/speech_engine.cc ****       naive_speech_synth_.Render(
 270              		.loc 1 74 5 view .LVU58
 271 00ae B4EEE28A 		vcmpe.f32	s16, s5
 272 00b2 F1EE10FA 		vmrs	APSR_nzcv, FPSCR
 273 00b6 3ED8     		bhi	.L25
  75:../eurorack/plaits/dsp/engine/speech_engine.cc ****           parameters.trigger == TRIGGER_RISING_EDGE,
 274              		.loc 1 75 7 view .LVU59
  75:../eurorack/plaits/dsp/engine/speech_engine.cc ****           parameters.trigger == TRIGGER_RISING_EDGE,
 275              		.loc 1 75 33 is_stmt 0 view .LVU60
 276 00b8 0CF1FF34 		add	r4, ip, #-1
 277 00bc B0EE421A 		vmov.f32	s2, s4
ARM GAS  /var/folders/y7/g6pkzsp12sx54x3s3mvyn15r0000gn/T//ccB0KYn4.s 			page 10


 278 00c0 F0EE610A 		vmov.f32	s1, s3
 279 00c4 3B46     		mov	r3, r7
 280 00c6 6142     		rsbs	r1, r4, #0
 281 00c8 B0EE680A 		vmov.f32	s0, s17
 282 00cc 05F12400 		add	r0, r5, #36
 283 00d0 6141     		adcs	r1, r1, r4
 284 00d2 CDE90089 		strd	r8, r9, [sp]
 285 00d6 D5F89421 		ldr	r2, [r5, #404]
 286 00da FFF7FEFF 		bl	_ZN6plaits16NaiveSpeechSynth6RenderEbfffPfS1_S1_j
 287              	.LVL17:
 288              	.L9:
  80:../eurorack/plaits/dsp/engine/speech_engine.cc ****           temp_buffer_[0],
  81:../eurorack/plaits/dsp/engine/speech_engine.cc ****           aux,
  82:../eurorack/plaits/dsp/engine/speech_engine.cc ****           out,
  83:../eurorack/plaits/dsp/engine/speech_engine.cc ****           size);
  84:../eurorack/plaits/dsp/engine/speech_engine.cc ****     } else {
  85:../eurorack/plaits/dsp/engine/speech_engine.cc ****       lpc_speech_synth_controller_.Render(
  86:../eurorack/plaits/dsp/engine/speech_engine.cc ****           parameters.trigger & TRIGGER_UNPATCHED,
  87:../eurorack/plaits/dsp/engine/speech_engine.cc ****           parameters.trigger & TRIGGER_RISING_EDGE,
  88:../eurorack/plaits/dsp/engine/speech_engine.cc ****           -1,
  89:../eurorack/plaits/dsp/engine/speech_engine.cc ****           f0,
  90:../eurorack/plaits/dsp/engine/speech_engine.cc ****           0.0f,
  91:../eurorack/plaits/dsp/engine/speech_engine.cc ****           0.0f,
  92:../eurorack/plaits/dsp/engine/speech_engine.cc ****           parameters.morph,
  93:../eurorack/plaits/dsp/engine/speech_engine.cc ****           parameters.timbre,
  94:../eurorack/plaits/dsp/engine/speech_engine.cc ****           1.0f,
  95:../eurorack/plaits/dsp/engine/speech_engine.cc ****           aux,
  96:../eurorack/plaits/dsp/engine/speech_engine.cc ****           out,
  97:../eurorack/plaits/dsp/engine/speech_engine.cc ****           size);
  98:../eurorack/plaits/dsp/engine/speech_engine.cc ****       blend = 2.0f - blend;
  99:../eurorack/plaits/dsp/engine/speech_engine.cc ****     }
 100:../eurorack/plaits/dsp/engine/speech_engine.cc ****   
 101:../eurorack/plaits/dsp/engine/speech_engine.cc ****     sam_speech_synth_.Render(
 289              		.loc 1 101 5 is_stmt 1 view .LVU61
 290              		.loc 1 101 29 is_stmt 0 view .LVU62
 291 00de 3168     		ldr	r1, [r6]
 292 00e0 B0EE680A 		vmov.f32	s0, s17
 293 00e4 CDF80090 		str	r9, [sp]
 294 00e8 08EB8909 		add	r9, r8, r9, lsl #2
 295 00ec 481E     		subs	r0, r1, #1
 296 00ee 96ED021A 		vldr.32	s2, [r6, #8]
 297 00f2 D6ED030A 		vldr.32	s1, [r6, #12]
 298 00f6 4142     		rsbs	r1, r0, #0
 299 00f8 D5E96523 		ldrd	r2, r3, [r5, #404]
 300 00fc 4141     		adcs	r1, r1, r0
 301 00fe 05F1C000 		add	r0, r5, #192
 302 0102 FFF7FEFF 		bl	_ZN6plaits14SAMSpeechSynth6RenderEbfffPfS1_j
 303              	.LVL18:
 102:../eurorack/plaits/dsp/engine/speech_engine.cc ****         parameters.trigger == TRIGGER_RISING_EDGE,
 103:../eurorack/plaits/dsp/engine/speech_engine.cc ****         f0,
 104:../eurorack/plaits/dsp/engine/speech_engine.cc ****         parameters.morph,
 105:../eurorack/plaits/dsp/engine/speech_engine.cc ****         parameters.timbre,
 106:../eurorack/plaits/dsp/engine/speech_engine.cc ****         temp_buffer_[0],
 107:../eurorack/plaits/dsp/engine/speech_engine.cc ****         temp_buffer_[1],
 108:../eurorack/plaits/dsp/engine/speech_engine.cc ****         size);
 109:../eurorack/plaits/dsp/engine/speech_engine.cc ****     
 110:../eurorack/plaits/dsp/engine/speech_engine.cc ****     blend *= blend * (3.0f - 2.0f * blend);
ARM GAS  /var/folders/y7/g6pkzsp12sx54x3s3mvyn15r0000gn/T//ccB0KYn4.s 			page 11


 304              		.loc 1 110 5 is_stmt 1 view .LVU63
 305              		.loc 1 110 28 is_stmt 0 view .LVU64
 306 0106 F0EE087A 		vmov.f32	s15, #3.0e+0
 307              	.LBB39:
 111:../eurorack/plaits/dsp/engine/speech_engine.cc ****     blend *= blend * (3.0f - 2.0f * blend);
 112:../eurorack/plaits/dsp/engine/speech_engine.cc ****     for (size_t i = 0; i < size; ++i) {
 308              		.loc 1 112 5 view .LVU65
 309 010a 4346     		mov	r3, r8
 310              	.LBE39:
 110:../eurorack/plaits/dsp/engine/speech_engine.cc ****     blend *= blend * (3.0f - 2.0f * blend);
 311              		.loc 1 110 28 view .LVU66
 312 010c B0EE677A 		vmov.f32	s14, s15
 313 0110 A8EE497A 		vfms.f32	s14, s16, s18
 110:../eurorack/plaits/dsp/engine/speech_engine.cc ****     blend *= blend * (3.0f - 2.0f * blend);
 314              		.loc 1 110 20 view .LVU67
 315 0114 27EE087A 		vmul.f32	s14, s14, s16
 110:../eurorack/plaits/dsp/engine/speech_engine.cc ****     blend *= blend * (3.0f - 2.0f * blend);
 316              		.loc 1 110 11 view .LVU68
 317 0118 27EE087A 		vmul.f32	s14, s14, s16
 318              	.LVL19:
 111:../eurorack/plaits/dsp/engine/speech_engine.cc ****     blend *= blend * (3.0f - 2.0f * blend);
 319              		.loc 1 111 5 is_stmt 1 view .LVU69
 111:../eurorack/plaits/dsp/engine/speech_engine.cc ****     blend *= blend * (3.0f - 2.0f * blend);
 320              		.loc 1 111 28 is_stmt 0 view .LVU70
 321 011c E7EE497A 		vfms.f32	s15, s14, s18
 111:../eurorack/plaits/dsp/engine/speech_engine.cc ****     blend *= blend * (3.0f - 2.0f * blend);
 322              		.loc 1 111 20 view .LVU71
 323 0120 67EE877A 		vmul.f32	s15, s15, s14
 111:../eurorack/plaits/dsp/engine/speech_engine.cc ****     blend *= blend * (3.0f - 2.0f * blend);
 324              		.loc 1 111 11 view .LVU72
 325 0124 67EE877A 		vmul.f32	s15, s15, s14
 326              	.LVL20:
 327              		.loc 1 112 5 is_stmt 1 view .LVU73
 328              	.L10:
 329              	.LBB40:
 330              		.loc 1 112 26 discriminator 1 view .LVU74
 331 0128 9945     		cmp	r9, r3
 332 012a 1AD1     		bne	.L11
 333              	.LVL21:
 334              	.L3:
 335              		.loc 1 112 26 is_stmt 0 discriminator 1 view .LVU75
 336              	.LBE40:
 337              	.LBE43:
 338              	.LBE67:
 113:../eurorack/plaits/dsp/engine/speech_engine.cc ****       aux[i] += (temp_buffer_[0][i] - aux[i]) * blend;
 114:../eurorack/plaits/dsp/engine/speech_engine.cc ****       out[i] += (temp_buffer_[1][i] - out[i]) * blend;
 115:../eurorack/plaits/dsp/engine/speech_engine.cc ****     }
 116:../eurorack/plaits/dsp/engine/speech_engine.cc ****   } else {
 117:../eurorack/plaits/dsp/engine/speech_engine.cc ****     // Change phonemes/words for LPC.
 118:../eurorack/plaits/dsp/engine/speech_engine.cc ****     const int word_bank = word_bank_quantizer_.Process(
 119:../eurorack/plaits/dsp/engine/speech_engine.cc ****         (group - 2.0f) * 0.275f) - 1;
 120:../eurorack/plaits/dsp/engine/speech_engine.cc ****     
 121:../eurorack/plaits/dsp/engine/speech_engine.cc ****     const bool replay_prosody = word_bank >= 0 && \
 122:../eurorack/plaits/dsp/engine/speech_engine.cc ****         !(parameters.trigger & TRIGGER_UNPATCHED);
 123:../eurorack/plaits/dsp/engine/speech_engine.cc ****     
 124:../eurorack/plaits/dsp/engine/speech_engine.cc ****     *already_enveloped = replay_prosody;
 125:../eurorack/plaits/dsp/engine/speech_engine.cc ****     
ARM GAS  /var/folders/y7/g6pkzsp12sx54x3s3mvyn15r0000gn/T//ccB0KYn4.s 			page 12


 126:../eurorack/plaits/dsp/engine/speech_engine.cc ****     lpc_speech_synth_controller_.Render(
 127:../eurorack/plaits/dsp/engine/speech_engine.cc ****         parameters.trigger & TRIGGER_UNPATCHED,
 128:../eurorack/plaits/dsp/engine/speech_engine.cc ****         parameters.trigger & TRIGGER_RISING_EDGE,
 129:../eurorack/plaits/dsp/engine/speech_engine.cc ****         word_bank,
 130:../eurorack/plaits/dsp/engine/speech_engine.cc ****         f0,
 131:../eurorack/plaits/dsp/engine/speech_engine.cc ****         prosody_amount_,
 132:../eurorack/plaits/dsp/engine/speech_engine.cc ****         speed_,
 133:../eurorack/plaits/dsp/engine/speech_engine.cc ****         parameters.morph,
 134:../eurorack/plaits/dsp/engine/speech_engine.cc ****         parameters.timbre,
 135:../eurorack/plaits/dsp/engine/speech_engine.cc ****         replay_prosody ? parameters.accent : 1.0f,
 136:../eurorack/plaits/dsp/engine/speech_engine.cc ****         aux,
 137:../eurorack/plaits/dsp/engine/speech_engine.cc ****         out,
 138:../eurorack/plaits/dsp/engine/speech_engine.cc ****         size);
 139:../eurorack/plaits/dsp/engine/speech_engine.cc ****   }
 140:../eurorack/plaits/dsp/engine/speech_engine.cc **** }
 339              		.loc 1 140 1 view .LVU76
 340 012c 05B0     		add	sp, sp, #20
 341              		.cfi_remember_state
 342              		.cfi_def_cfa_offset 44
 343              		@ sp needed
 344 012e BDEC048B 		vldm	sp!, {d8-d9}
 345              		.cfi_restore 82
 346              		.cfi_restore 83
 347              		.cfi_restore 80
 348              		.cfi_restore 81
 349              		.cfi_def_cfa_offset 28
 350 0132 BDE8F083 		pop	{r4, r5, r6, r7, r8, r9, pc}
 351              	.LVL22:
 352              	.L25:
 353              		.cfi_restore_state
 354              	.LBB68:
 355              	.LBB44:
  85:../eurorack/plaits/dsp/engine/speech_engine.cc ****           parameters.trigger & TRIGGER_UNPATCHED,
 356              		.loc 1 85 7 is_stmt 1 view .LVU77
  85:../eurorack/plaits/dsp/engine/speech_engine.cc ****           parameters.trigger & TRIGGER_UNPATCHED,
 357              		.loc 1 85 42 is_stmt 0 view .LVU78
 358 0136 9FED491A 		vldr.32	s2, .L26+24
 359 013a B0EE680A 		vmov.f32	s0, s17
 360 013e 4FF0FF33 		mov	r3, #-1
 361 0142 0CF00102 		and	r2, ip, #1
 362 0146 F0EE410A 		vmov.f32	s1, s2
 363 014a CCF34001 		ubfx	r1, ip, #1, #1
 364 014e 05F1E400 		add	r0, r5, #228
 365 0152 0097     		str	r7, [sp]
 366 0154 CDE90189 		strd	r8, r9, [sp, #4]
 367 0158 FFF7FEFF 		bl	_ZN6plaits24LPCSpeechSynthController6RenderEbbiffffffPfS1_j
 368              	.LVL23:
  98:../eurorack/plaits/dsp/engine/speech_engine.cc ****     }
 369              		.loc 1 98 7 is_stmt 1 view .LVU79
  98:../eurorack/plaits/dsp/engine/speech_engine.cc ****     }
 370              		.loc 1 98 13 is_stmt 0 view .LVU80
 371 015c 39EE488A 		vsub.f32	s16, s18, s16
 372              	.LVL24:
  98:../eurorack/plaits/dsp/engine/speech_engine.cc ****     }
 373              		.loc 1 98 13 view .LVU81
 374 0160 BDE7     		b	.L9
 375              	.LVL25:
ARM GAS  /var/folders/y7/g6pkzsp12sx54x3s3mvyn15r0000gn/T//ccB0KYn4.s 			page 13


 376              	.L11:
 377              	.LBB41:
 113:../eurorack/plaits/dsp/engine/speech_engine.cc ****       aux[i] += (temp_buffer_[0][i] - aux[i]) * blend;
 378              		.loc 1 113 7 is_stmt 1 view .LVU82
 113:../eurorack/plaits/dsp/engine/speech_engine.cc ****       aux[i] += (temp_buffer_[0][i] - aux[i]) * blend;
 379              		.loc 1 113 12 is_stmt 0 view .LVU83
 380 0162 A3EB0801 		sub	r1, r3, r8
 113:../eurorack/plaits/dsp/engine/speech_engine.cc ****       aux[i] += (temp_buffer_[0][i] - aux[i]) * blend;
 381              		.loc 1 113 35 view .LVU84
 382 0166 D5F89421 		ldr	r2, [r5, #404]
 113:../eurorack/plaits/dsp/engine/speech_engine.cc ****       aux[i] += (temp_buffer_[0][i] - aux[i]) * blend;
 383              		.loc 1 113 12 view .LVU85
 384 016a 97ED007A 		vldr.32	s14, [r7]
 113:../eurorack/plaits/dsp/engine/speech_engine.cc ****       aux[i] += (temp_buffer_[0][i] - aux[i]) * blend;
 385              		.loc 1 113 35 view .LVU86
 386 016e 0A44     		add	r2, r2, r1
 113:../eurorack/plaits/dsp/engine/speech_engine.cc ****       aux[i] += (temp_buffer_[0][i] - aux[i]) * blend;
 387              		.loc 1 113 37 view .LVU87
 388 0170 D2ED006A 		vldr.32	s13, [r2]
 114:../eurorack/plaits/dsp/engine/speech_engine.cc ****     }
 389              		.loc 1 114 35 view .LVU88
 390 0174 D5F89821 		ldr	r2, [r5, #408]
 113:../eurorack/plaits/dsp/engine/speech_engine.cc ****       out[i] += (temp_buffer_[1][i] - out[i]) * blend;
 391              		.loc 1 113 37 view .LVU89
 392 0178 76EEC76A 		vsub.f32	s13, s13, s14
 114:../eurorack/plaits/dsp/engine/speech_engine.cc ****     }
 393              		.loc 1 114 35 view .LVU90
 394 017c 0A44     		add	r2, r2, r1
 113:../eurorack/plaits/dsp/engine/speech_engine.cc ****       out[i] += (temp_buffer_[1][i] - out[i]) * blend;
 395              		.loc 1 113 14 view .LVU91
 396 017e A6EEA77A 		vfma.f32	s14, s13, s15
 397 0182 A7EC017A 		vstmia.32	r7!, {s14}
 114:../eurorack/plaits/dsp/engine/speech_engine.cc ****     }
 398              		.loc 1 114 7 is_stmt 1 view .LVU92
 114:../eurorack/plaits/dsp/engine/speech_engine.cc ****     }
 399              		.loc 1 114 12 is_stmt 0 view .LVU93
 400 0186 93ED007A 		vldr.32	s14, [r3]
 114:../eurorack/plaits/dsp/engine/speech_engine.cc ****     }
 401              		.loc 1 114 37 view .LVU94
 402 018a D2ED006A 		vldr.32	s13, [r2]
 403 018e 76EEC76A 		vsub.f32	s13, s13, s14
 114:../eurorack/plaits/dsp/engine/speech_engine.cc ****     }
 404              		.loc 1 114 14 view .LVU95
 405 0192 A6EEA77A 		vfma.f32	s14, s13, s15
 406 0196 A3EC017A 		vstmia.32	r3!, {s14}
 112:../eurorack/plaits/dsp/engine/speech_engine.cc ****       aux[i] += (temp_buffer_[0][i] - aux[i]) * blend;
 407              		.loc 1 112 5 is_stmt 1 discriminator 3 view .LVU96
 408 019a C5E7     		b	.L10
 409              	.LVL26:
 410              	.L24:
 112:../eurorack/plaits/dsp/engine/speech_engine.cc ****       aux[i] += (temp_buffer_[0][i] - aux[i]) * blend;
 411              		.loc 1 112 5 is_stmt 0 discriminator 3 view .LVU97
 412              	.LBE41:
 413              	.LBE44:
 414              	.LBB45:
 118:../eurorack/plaits/dsp/engine/speech_engine.cc ****         (group - 2.0f) * 0.275f) - 1;
 415              		.loc 1 118 5 is_stmt 1 view .LVU98
ARM GAS  /var/folders/y7/g6pkzsp12sx54x3s3mvyn15r0000gn/T//ccB0KYn4.s 			page 14


 416              	.LBB46:
 417              	.LBI46:
 418              		.file 5 "../eurorack/stmlib/dsp/hysteresis_quantizer.h"
   1:../eurorack/stmlib/dsp/hysteresis_quantizer.h **** // Copyright 2015 Emilie Gillet.
   2:../eurorack/stmlib/dsp/hysteresis_quantizer.h **** //
   3:../eurorack/stmlib/dsp/hysteresis_quantizer.h **** // Author: Emilie Gillet (emilie.o.gillet@gmail.com)
   4:../eurorack/stmlib/dsp/hysteresis_quantizer.h **** //
   5:../eurorack/stmlib/dsp/hysteresis_quantizer.h **** // Permission is hereby granted, free of charge, to any person obtaining a copy
   6:../eurorack/stmlib/dsp/hysteresis_quantizer.h **** // of this software and associated documentation files (the "Software"), to deal
   7:../eurorack/stmlib/dsp/hysteresis_quantizer.h **** // in the Software without restriction, including without limitation the rights
   8:../eurorack/stmlib/dsp/hysteresis_quantizer.h **** // to use, copy, modify, merge, publish, distribute, sublicense, and/or sell
   9:../eurorack/stmlib/dsp/hysteresis_quantizer.h **** // copies of the Software, and to permit persons to whom the Software is
  10:../eurorack/stmlib/dsp/hysteresis_quantizer.h **** // furnished to do so, subject to the following conditions:
  11:../eurorack/stmlib/dsp/hysteresis_quantizer.h **** // 
  12:../eurorack/stmlib/dsp/hysteresis_quantizer.h **** // The above copyright notice and this permission notice shall be included in
  13:../eurorack/stmlib/dsp/hysteresis_quantizer.h **** // all copies or substantial portions of the Software.
  14:../eurorack/stmlib/dsp/hysteresis_quantizer.h **** // 
  15:../eurorack/stmlib/dsp/hysteresis_quantizer.h **** // THE SOFTWARE IS PROVIDED "AS IS", WITHOUT WARRANTY OF ANY KIND, EXPRESS OR
  16:../eurorack/stmlib/dsp/hysteresis_quantizer.h **** // IMPLIED, INCLUDING BUT NOT LIMITED TO THE WARRANTIES OF MERCHANTABILITY,
  17:../eurorack/stmlib/dsp/hysteresis_quantizer.h **** // FITNESS FOR A PARTICULAR PURPOSE AND NONINFRINGEMENT. IN NO EVENT SHALL THE
  18:../eurorack/stmlib/dsp/hysteresis_quantizer.h **** // AUTHORS OR COPYRIGHT HOLDERS BE LIABLE FOR ANY CLAIM, DAMAGES OR OTHER
  19:../eurorack/stmlib/dsp/hysteresis_quantizer.h **** // LIABILITY, WHETHER IN AN ACTION OF CONTRACT, TORT OR OTHERWISE, ARISING FROM,
  20:../eurorack/stmlib/dsp/hysteresis_quantizer.h **** // OUT OF OR IN CONNECTION WITH THE SOFTWARE OR THE USE OR OTHER DEALINGS IN
  21:../eurorack/stmlib/dsp/hysteresis_quantizer.h **** // THE SOFTWARE.
  22:../eurorack/stmlib/dsp/hysteresis_quantizer.h **** // 
  23:../eurorack/stmlib/dsp/hysteresis_quantizer.h **** // See http://creativecommons.org/licenses/MIT/ for more information.
  24:../eurorack/stmlib/dsp/hysteresis_quantizer.h **** //
  25:../eurorack/stmlib/dsp/hysteresis_quantizer.h **** // -----------------------------------------------------------------------------
  26:../eurorack/stmlib/dsp/hysteresis_quantizer.h **** //
  27:../eurorack/stmlib/dsp/hysteresis_quantizer.h **** // Quantize a float in [0, 1] to an integer in [0, num_steps[. Apply hysteresis
  28:../eurorack/stmlib/dsp/hysteresis_quantizer.h **** // to prevent jumps near the decision boundary.
  29:../eurorack/stmlib/dsp/hysteresis_quantizer.h **** 
  30:../eurorack/stmlib/dsp/hysteresis_quantizer.h **** #ifndef STMLIB_DSP_HYSTERESIS_QUANTIZER_H_
  31:../eurorack/stmlib/dsp/hysteresis_quantizer.h **** #define STMLIB_DSP_HYSTERESIS_QUANTIZER_H_
  32:../eurorack/stmlib/dsp/hysteresis_quantizer.h **** 
  33:../eurorack/stmlib/dsp/hysteresis_quantizer.h **** #include "stmlib/stmlib.h"
  34:../eurorack/stmlib/dsp/hysteresis_quantizer.h **** 
  35:../eurorack/stmlib/dsp/hysteresis_quantizer.h **** namespace stmlib {
  36:../eurorack/stmlib/dsp/hysteresis_quantizer.h **** 
  37:../eurorack/stmlib/dsp/hysteresis_quantizer.h **** class HysteresisQuantizer {
  38:../eurorack/stmlib/dsp/hysteresis_quantizer.h ****  public:
  39:../eurorack/stmlib/dsp/hysteresis_quantizer.h ****   HysteresisQuantizer() { }
  40:../eurorack/stmlib/dsp/hysteresis_quantizer.h ****   ~HysteresisQuantizer() { }
  41:../eurorack/stmlib/dsp/hysteresis_quantizer.h **** 
  42:../eurorack/stmlib/dsp/hysteresis_quantizer.h ****   void Init() {
  43:../eurorack/stmlib/dsp/hysteresis_quantizer.h ****     quantized_value_ = 0;
  44:../eurorack/stmlib/dsp/hysteresis_quantizer.h ****   }
  45:../eurorack/stmlib/dsp/hysteresis_quantizer.h **** 
  46:../eurorack/stmlib/dsp/hysteresis_quantizer.h ****   inline int Process(float value, int num_steps) {
  47:../eurorack/stmlib/dsp/hysteresis_quantizer.h ****     return Process(value, num_steps, 0.25f);
  48:../eurorack/stmlib/dsp/hysteresis_quantizer.h ****   }
  49:../eurorack/stmlib/dsp/hysteresis_quantizer.h **** 
  50:../eurorack/stmlib/dsp/hysteresis_quantizer.h ****   inline int Process(float value, int num_steps, float hysteresis) {
  51:../eurorack/stmlib/dsp/hysteresis_quantizer.h ****     return Process(0, value, num_steps, hysteresis);
  52:../eurorack/stmlib/dsp/hysteresis_quantizer.h ****   }
  53:../eurorack/stmlib/dsp/hysteresis_quantizer.h **** 
  54:../eurorack/stmlib/dsp/hysteresis_quantizer.h ****   inline int Process(int base, float value, int num_steps, float hysteresis) {
ARM GAS  /var/folders/y7/g6pkzsp12sx54x3s3mvyn15r0000gn/T//ccB0KYn4.s 			page 15


  55:../eurorack/stmlib/dsp/hysteresis_quantizer.h ****     value *= static_cast<float>(num_steps - 1);
  56:../eurorack/stmlib/dsp/hysteresis_quantizer.h ****     value += static_cast<float>(base);
  57:../eurorack/stmlib/dsp/hysteresis_quantizer.h ****     float hysteresis_feedback = value > static_cast<float>(quantized_value_)
  58:../eurorack/stmlib/dsp/hysteresis_quantizer.h ****         ? -hysteresis
  59:../eurorack/stmlib/dsp/hysteresis_quantizer.h ****         : hysteresis;
  60:../eurorack/stmlib/dsp/hysteresis_quantizer.h ****     int q = static_cast<int>(value + hysteresis_feedback + 0.5f);
  61:../eurorack/stmlib/dsp/hysteresis_quantizer.h ****     CONSTRAIN(q, 0, num_steps - 1);
  62:../eurorack/stmlib/dsp/hysteresis_quantizer.h ****     quantized_value_ = q;
  63:../eurorack/stmlib/dsp/hysteresis_quantizer.h ****     return q;
  64:../eurorack/stmlib/dsp/hysteresis_quantizer.h ****   }
  65:../eurorack/stmlib/dsp/hysteresis_quantizer.h **** 
  66:../eurorack/stmlib/dsp/hysteresis_quantizer.h ****   template<typename T>
  67:../eurorack/stmlib/dsp/hysteresis_quantizer.h ****   const T& Lookup(const T* array, float value, int num_steps) {
  68:../eurorack/stmlib/dsp/hysteresis_quantizer.h ****     return array[Process(value, num_steps)];
  69:../eurorack/stmlib/dsp/hysteresis_quantizer.h ****   }
  70:../eurorack/stmlib/dsp/hysteresis_quantizer.h **** 
  71:../eurorack/stmlib/dsp/hysteresis_quantizer.h ****  private:
  72:../eurorack/stmlib/dsp/hysteresis_quantizer.h ****   int quantized_value_;
  73:../eurorack/stmlib/dsp/hysteresis_quantizer.h ****   
  74:../eurorack/stmlib/dsp/hysteresis_quantizer.h ****   DISALLOW_COPY_AND_ASSIGN(HysteresisQuantizer);
  75:../eurorack/stmlib/dsp/hysteresis_quantizer.h **** };
  76:../eurorack/stmlib/dsp/hysteresis_quantizer.h **** 
  77:../eurorack/stmlib/dsp/hysteresis_quantizer.h **** 
  78:../eurorack/stmlib/dsp/hysteresis_quantizer.h **** // Note: currently refactoring this aspect of all Mutable Instruments modules.
  79:../eurorack/stmlib/dsp/hysteresis_quantizer.h **** // The codebase will progressively use only this class, at which point the other
  80:../eurorack/stmlib/dsp/hysteresis_quantizer.h **** // version will be deprecated
  81:../eurorack/stmlib/dsp/hysteresis_quantizer.h **** 
  82:../eurorack/stmlib/dsp/hysteresis_quantizer.h **** class HysteresisQuantizer2 {
  83:../eurorack/stmlib/dsp/hysteresis_quantizer.h ****  public:
  84:../eurorack/stmlib/dsp/hysteresis_quantizer.h ****   HysteresisQuantizer2() { }
  85:../eurorack/stmlib/dsp/hysteresis_quantizer.h ****   ~HysteresisQuantizer2() { }
  86:../eurorack/stmlib/dsp/hysteresis_quantizer.h **** 
  87:../eurorack/stmlib/dsp/hysteresis_quantizer.h ****   void Init(int num_steps, float hysteresis, bool symmetric) {
  88:../eurorack/stmlib/dsp/hysteresis_quantizer.h ****     num_steps_ = num_steps;
  89:../eurorack/stmlib/dsp/hysteresis_quantizer.h ****     hysteresis_ = hysteresis;
  90:../eurorack/stmlib/dsp/hysteresis_quantizer.h **** 
  91:../eurorack/stmlib/dsp/hysteresis_quantizer.h ****     scale_ = static_cast<float>(symmetric ? num_steps - 1 : num_steps);
  92:../eurorack/stmlib/dsp/hysteresis_quantizer.h ****     offset_ = symmetric ? 0.0f : -0.5f;
  93:../eurorack/stmlib/dsp/hysteresis_quantizer.h **** 
  94:../eurorack/stmlib/dsp/hysteresis_quantizer.h ****     quantized_value_ = 0;
  95:../eurorack/stmlib/dsp/hysteresis_quantizer.h ****   }
  96:../eurorack/stmlib/dsp/hysteresis_quantizer.h **** 
  97:../eurorack/stmlib/dsp/hysteresis_quantizer.h ****   inline int Process(float value) {
 419              		.loc 5 97 14 view .LVU99
  98:../eurorack/stmlib/dsp/hysteresis_quantizer.h ****     return Process(0, value);
 420              		.loc 5 98 5 view .LVU100
 421              	.LBB47:
 422              	.LBI47:
  99:../eurorack/stmlib/dsp/hysteresis_quantizer.h ****   }
 100:../eurorack/stmlib/dsp/hysteresis_quantizer.h **** 
 101:../eurorack/stmlib/dsp/hysteresis_quantizer.h ****   inline int Process(int base, float value) {
 423              		.loc 5 101 14 view .LVU101
 424              	.LBB48:
 102:../eurorack/stmlib/dsp/hysteresis_quantizer.h ****     value *= scale_;
 425              		.loc 5 102 5 view .LVU102
 103:../eurorack/stmlib/dsp/hysteresis_quantizer.h ****     value += offset_;
 426              		.loc 5 103 5 view .LVU103
ARM GAS  /var/folders/y7/g6pkzsp12sx54x3s3mvyn15r0000gn/T//ccB0KYn4.s 			page 16


 427              	.LBE48:
 428              	.LBE47:
 429              	.LBE46:
 119:../eurorack/plaits/dsp/engine/speech_engine.cc ****     
 430              		.loc 1 119 16 is_stmt 0 view .LVU104
 431 019c 38EE498A 		vsub.f32	s16, s16, s18
 432              	.LVL27:
 118:../eurorack/plaits/dsp/engine/speech_engine.cc ****         (group - 2.0f) * 0.275f) - 1;
 433              		.loc 1 118 55 view .LVU105
 434 01a0 DFED2F7A 		vldr.32	s15, .L26+28
 435              	.LVL28:
 436              	.LBB57:
 437              	.LBB53:
 438              	.LBB49:
 439              		.loc 5 103 11 view .LVU106
 440 01a4 95ED067A 		vldr.32	s14, [r5, #24]
 104:../eurorack/stmlib/dsp/hysteresis_quantizer.h ****     value += static_cast<float>(base);
 105:../eurorack/stmlib/dsp/hysteresis_quantizer.h **** 
 106:../eurorack/stmlib/dsp/hysteresis_quantizer.h ****     float hysteresis_sign = value > static_cast<float>(quantized_value_)
 107:../eurorack/stmlib/dsp/hysteresis_quantizer.h ****         ? -1.0f
 441              		.loc 5 107 9 discriminator 2 view .LVU107
 442 01a8 F7EE006A 		vmov.f32	s13, #1.0e+0
 443              	.LBE49:
 444              	.LBE53:
 445              	.LBE57:
 118:../eurorack/plaits/dsp/engine/speech_engine.cc ****         (group - 2.0f) * 0.275f) - 1;
 446              		.loc 1 118 55 view .LVU108
 447 01ac 28EE278A 		vmul.f32	s16, s16, s15
 448              	.LBB58:
 449              	.LBB54:
 450              	.LBB50:
 103:../eurorack/stmlib/dsp/hysteresis_quantizer.h ****     value += static_cast<float>(base);
 451              		.loc 5 103 11 view .LVU109
 452 01b0 D5ED077A 		vldr.32	s15, [r5, #28]
 453 01b4 E8EE077A 		vfma.f32	s15, s16, s14
 454              	.LVL29:
 104:../eurorack/stmlib/dsp/hysteresis_quantizer.h ****     value += static_cast<float>(base);
 455              		.loc 5 104 5 is_stmt 1 view .LVU110
 104:../eurorack/stmlib/dsp/hysteresis_quantizer.h ****     value += static_cast<float>(base);
 456              		.loc 5 104 11 is_stmt 0 view .LVU111
 457 01b8 9FED287A 		vldr.32	s14, .L26+24
 458 01bc 77EE877A 		vadd.f32	s15, s15, s14
 459              	.LVL30:
 106:../eurorack/stmlib/dsp/hysteresis_quantizer.h ****         ? -1.0f
 460              		.loc 5 106 5 is_stmt 1 view .LVU112
 106:../eurorack/stmlib/dsp/hysteresis_quantizer.h ****         ? -1.0f
 461              		.loc 5 106 37 is_stmt 0 view .LVU113
 462 01c0 95ED087A 		vldr.32	s14, [r5, #32]	@ int
 463 01c4 B8EEC77A 		vcvt.f32.s32	s14, s14
 464              		.loc 5 107 9 discriminator 2 view .LVU114
 465 01c8 F4EEC77A 		vcmpe.f32	s15, s14
 466 01cc BFEE007A 		vmov.f32	s14, #-1.0e+0
 467 01d0 F1EE10FA 		vmrs	APSR_nzcv, FPSCR
 468 01d4 37FE267A 		vselgt.f32	s14, s14, s13
 469              	.LVL31:
 108:../eurorack/stmlib/dsp/hysteresis_quantizer.h ****         : +1.0f;
 109:../eurorack/stmlib/dsp/hysteresis_quantizer.h ****     int q = static_cast<int>(value + hysteresis_sign * hysteresis_ + 0.5f);
ARM GAS  /var/folders/y7/g6pkzsp12sx54x3s3mvyn15r0000gn/T//ccB0KYn4.s 			page 17


 470              		.loc 5 109 5 is_stmt 1 view .LVU115
 471              		.loc 5 109 36 is_stmt 0 view .LVU116
 472 01d8 D5ED056A 		vldr.32	s13, [r5, #20]
 473 01dc E6EE877A 		vfma.f32	s15, s13, s14
 474              	.LVL32:
 475              		.loc 5 109 68 view .LVU117
 476 01e0 B6EE007A 		vmov.f32	s14, #5.0e-1
 477              	.LVL33:
 478              		.loc 5 109 68 view .LVU118
 479 01e4 77EE877A 		vadd.f32	s15, s15, s14
 480              		.loc 5 109 9 view .LVU119
 481 01e8 FDEEE77A 		vcvt.s32.f32	s15, s15
 482 01ec 17EE904A 		vmov	r4, s15	@ int
 483              	.LVL34:
 110:../eurorack/stmlib/dsp/hysteresis_quantizer.h ****     CONSTRAIN(q, 0, num_steps_ - 1);
 484              		.loc 5 110 5 is_stmt 1 view .LVU120
 485 01f0 002C     		cmp	r4, #0
 486              	.LVL35:
 487              		.loc 5 110 5 is_stmt 0 view .LVU121
 488 01f2 22DB     		blt	.L19
 489              		.loc 5 110 5 is_stmt 1 discriminator 2 view .LVU122
 490 01f4 2B69     		ldr	r3, [r5, #16]
 491 01f6 9C42     		cmp	r4, r3
 492 01f8 00DB     		blt	.L15
 493              		.loc 5 110 5 discriminator 4 view .LVU123
 494 01fa 5C1E     		subs	r4, r3, #1
 495              	.LVL36:
 496              	.L15:
 497              		.loc 5 110 36 discriminator 6 view .LVU124
 111:../eurorack/stmlib/dsp/hysteresis_quantizer.h ****     quantized_value_ = q;
 498              		.loc 5 111 5 view .LVU125
 499              	.LBE50:
 500              	.LBE54:
 501              	.LBE58:
 121:../eurorack/plaits/dsp/engine/speech_engine.cc ****         !(parameters.trigger & TRIGGER_UNPATCHED);
 502              		.loc 1 121 48 is_stmt 0 discriminator 1 view .LVU126
 503 01fc CCF34002 		ubfx	r2, ip, #1, #1
 504              	.LBB59:
 505              	.LBB55:
 506              	.LBB51:
 507              		.loc 5 111 22 view .LVU127
 508 0200 2C62     		str	r4, [r5, #32]
 112:../eurorack/stmlib/dsp/hysteresis_quantizer.h ****     return q;
 509              		.loc 5 112 5 is_stmt 1 view .LVU128
 510              	.LVL37:
 511              		.loc 5 112 5 is_stmt 0 view .LVU129
 512              	.LBE51:
 513              	.LBE55:
 514              	.LBE59:
 119:../eurorack/plaits/dsp/engine/speech_engine.cc ****     
 515              		.loc 1 119 36 view .LVU130
 516 0202 631E     		subs	r3, r4, #1
 517              	.LVL38:
 121:../eurorack/plaits/dsp/engine/speech_engine.cc ****         !(parameters.trigger & TRIGGER_UNPATCHED);
 518              		.loc 1 121 5 is_stmt 1 view .LVU131
 121:../eurorack/plaits/dsp/engine/speech_engine.cc ****         !(parameters.trigger & TRIGGER_UNPATCHED);
 519              		.loc 1 121 48 is_stmt 0 view .LVU132
ARM GAS  /var/folders/y7/g6pkzsp12sx54x3s3mvyn15r0000gn/T//ccB0KYn4.s 			page 18


 520 0204 6442     		rsbs	r4, r4, #0
 121:../eurorack/plaits/dsp/engine/speech_engine.cc ****         !(parameters.trigger & TRIGGER_UNPATCHED);
 521              		.loc 1 121 48 discriminator 1 view .LVU133
 522 0206 82F00102 		eor	r2, r2, #1
 126:../eurorack/plaits/dsp/engine/speech_engine.cc ****         parameters.trigger & TRIGGER_UNPATCHED,
 523              		.loc 1 126 40 view .LVU134
 524 020a 05F1E400 		add	r0, r5, #228
 525 020e D5ED670A 		vldr.32	s1, [r5, #412]
 121:../eurorack/plaits/dsp/engine/speech_engine.cc ****         !(parameters.trigger & TRIGGER_UNPATCHED);
 526              		.loc 1 121 48 view .LVU135
 527 0212 02EAD474 		and	r4, r2, r4, lsr #31
 528              	.LVL39:
 124:../eurorack/plaits/dsp/engine/speech_engine.cc ****     
 529              		.loc 1 124 5 is_stmt 1 view .LVU136
 126:../eurorack/plaits/dsp/engine/speech_engine.cc ****         parameters.trigger & TRIGGER_UNPATCHED,
 530              		.loc 1 126 40 is_stmt 0 view .LVU137
 531 0216 95ED681A 		vldr.32	s2, [r5, #416]
 532 021a 0CF00102 		and	r2, ip, #1
 124:../eurorack/plaits/dsp/engine/speech_engine.cc ****     
 533              		.loc 1 124 24 view .LVU138
 534 021e 0C70     		strb	r4, [r1]
 126:../eurorack/plaits/dsp/engine/speech_engine.cc ****         parameters.trigger & TRIGGER_UNPATCHED,
 535              		.loc 1 126 5 is_stmt 1 view .LVU139
 126:../eurorack/plaits/dsp/engine/speech_engine.cc ****         parameters.trigger & TRIGGER_UNPATCHED,
 536              		.loc 1 126 40 is_stmt 0 view .LVU140
 537 0220 CCF34001 		ubfx	r1, ip, #1, #1
 538 0224 5CB1     		cbz	r4, .L20
 126:../eurorack/plaits/dsp/engine/speech_engine.cc ****         parameters.trigger & TRIGGER_UNPATCHED,
 539              		.loc 1 126 40 discriminator 1 view .LVU141
 540 0226 D6ED052A 		vldr.32	s5, [r6, #20]
 541              	.L16:
 126:../eurorack/plaits/dsp/engine/speech_engine.cc ****         parameters.trigger & TRIGGER_UNPATCHED,
 542              		.loc 1 126 40 discriminator 4 view .LVU142
 543 022a B0EE680A 		vmov.f32	s0, s17
 544 022e 0097     		str	r7, [sp]
 545              	.LVL40:
 126:../eurorack/plaits/dsp/engine/speech_engine.cc ****         parameters.trigger & TRIGGER_UNPATCHED,
 546              		.loc 1 126 40 discriminator 4 view .LVU143
 547 0230 CDE90189 		strd	r8, r9, [sp, #4]
 548 0234 FFF7FEFF 		bl	_ZN6plaits24LPCSpeechSynthController6RenderEbbiffffffPfS1_j
 549              	.LVL41:
 126:../eurorack/plaits/dsp/engine/speech_engine.cc ****         parameters.trigger & TRIGGER_UNPATCHED,
 550              		.loc 1 126 40 discriminator 4 view .LVU144
 551              	.LBE45:
 552              	.LBE68:
 553              		.loc 1 140 1 view .LVU145
 554 0238 78E7     		b	.L3
 555              	.LVL42:
 556              	.L19:
 557              	.LBB69:
 558              	.LBB61:
 559              	.LBB60:
 560              	.LBB56:
 561              	.LBB52:
 110:../eurorack/stmlib/dsp/hysteresis_quantizer.h ****     quantized_value_ = q;
 562              		.loc 5 110 5 discriminator 1 view .LVU146
 563 023a 0024     		movs	r4, #0
ARM GAS  /var/folders/y7/g6pkzsp12sx54x3s3mvyn15r0000gn/T//ccB0KYn4.s 			page 19


 564              	.LVL43:
 110:../eurorack/stmlib/dsp/hysteresis_quantizer.h ****     quantized_value_ = q;
 565              		.loc 5 110 5 discriminator 1 view .LVU147
 566 023c DEE7     		b	.L15
 567              	.LVL44:
 568              	.L20:
 110:../eurorack/stmlib/dsp/hysteresis_quantizer.h ****     quantized_value_ = q;
 569              		.loc 5 110 5 discriminator 1 view .LVU148
 570              	.LBE52:
 571              	.LBE56:
 572              	.LBE60:
 126:../eurorack/plaits/dsp/engine/speech_engine.cc ****         parameters.trigger & TRIGGER_UNPATCHED,
 573              		.loc 1 126 40 discriminator 2 view .LVU149
 574 023e F7EE002A 		vmov.f32	s5, #1.0e+0
 575              	.LVL45:
 126:../eurorack/plaits/dsp/engine/speech_engine.cc ****         parameters.trigger & TRIGGER_UNPATCHED,
 576              		.loc 1 126 40 discriminator 2 view .LVU150
 577 0242 F2E7     		b	.L16
 578              	.L27:
 579              		.align	2
 580              	.L26:
 581 0244 000000C3 		.word	-1023410176
 582 0248 0000FE42 		.word	1123942400
 583 024c 00000043 		.word	1124073472
 584 0250 00000000 		.word	_ZN6stmlib19lut_pitch_ratio_lowE
 585 0254 00000000 		.word	_ZN6stmlib20lut_pitch_ratio_highE
 586 0258 51969639 		.word	966170193
 587 025c 00000000 		.word	0
 588 0260 CDCC8C3E 		.word	1049414861
 589              	.LBE61:
 590              	.LBE69:
 591              		.cfi_endproc
 592              	.LFE1434:
 594              		.section	.text._ZN6plaits12SpeechEngine4InitEPN6stmlib15BufferAllocatorE,"ax",%progbits
 595              		.align	1
 596              		.global	_ZN6plaits12SpeechEngine4InitEPN6stmlib15BufferAllocatorE
 597              		.syntax unified
 598              		.thumb
 599              		.thumb_func
 601              	_ZN6plaits12SpeechEngine4InitEPN6stmlib15BufferAllocatorE:
 602              	.LVL46:
 603              	.LFB1432:
  38:../eurorack/plaits/dsp/engine/speech_engine.cc ****   sam_speech_synth_.Init();
 604              		.loc 1 38 53 is_stmt 1 view -0
 605              		.cfi_startproc
 606              		@ args = 0, pretend = 0, frame = 0
 607              		@ frame_needed = 0, uses_anonymous_args = 0
  38:../eurorack/plaits/dsp/engine/speech_engine.cc ****   sam_speech_synth_.Init();
 608              		.loc 1 38 53 is_stmt 0 view .LVU152
 609 0000 70B5     		push	{r4, r5, r6, lr}
 610              		.cfi_def_cfa_offset 16
 611              		.cfi_offset 4, -16
 612              		.cfi_offset 5, -12
 613              		.cfi_offset 6, -8
 614              		.cfi_offset 14, -4
  38:../eurorack/plaits/dsp/engine/speech_engine.cc ****   sam_speech_synth_.Init();
 615              		.loc 1 38 53 view .LVU153
ARM GAS  /var/folders/y7/g6pkzsp12sx54x3s3mvyn15r0000gn/T//ccB0KYn4.s 			page 20


 616 0002 0446     		mov	r4, r0
  39:../eurorack/plaits/dsp/engine/speech_engine.cc ****   naive_speech_synth_.Init();
 617              		.loc 1 39 3 is_stmt 1 view .LVU154
  38:../eurorack/plaits/dsp/engine/speech_engine.cc ****   sam_speech_synth_.Init();
 618              		.loc 1 38 53 is_stmt 0 view .LVU155
 619 0004 0D46     		mov	r5, r1
  39:../eurorack/plaits/dsp/engine/speech_engine.cc ****   naive_speech_synth_.Init();
 620              		.loc 1 39 25 view .LVU156
 621 0006 C030     		adds	r0, r0, #192
 622              	.LVL47:
  41:../eurorack/plaits/dsp/engine/speech_engine.cc ****       word_banks_,
 623              		.loc 1 41 35 view .LVU157
 624 0008 04F5BC76 		add	r6, r4, #376
  39:../eurorack/plaits/dsp/engine/speech_engine.cc ****   naive_speech_synth_.Init();
 625              		.loc 1 39 25 view .LVU158
 626 000c FFF7FEFF 		bl	_ZN6plaits14SAMSpeechSynth4InitEv
 627              	.LVL48:
  40:../eurorack/plaits/dsp/engine/speech_engine.cc ****   lpc_speech_synth_word_bank_.Init(
 628              		.loc 1 40 3 is_stmt 1 view .LVU159
  40:../eurorack/plaits/dsp/engine/speech_engine.cc ****   lpc_speech_synth_word_bank_.Init(
 629              		.loc 1 40 27 is_stmt 0 view .LVU160
 630 0010 04F12400 		add	r0, r4, #36
 631 0014 FFF7FEFF 		bl	_ZN6plaits16NaiveSpeechSynth4InitEv
 632              	.LVL49:
  41:../eurorack/plaits/dsp/engine/speech_engine.cc ****       word_banks_,
 633              		.loc 1 41 3 is_stmt 1 view .LVU161
  41:../eurorack/plaits/dsp/engine/speech_engine.cc ****       word_banks_,
 634              		.loc 1 41 35 is_stmt 0 view .LVU162
 635 0018 2B46     		mov	r3, r5
 636 001a 0522     		movs	r2, #5
 637 001c 1849     		ldr	r1, .L33
 638 001e 3046     		mov	r0, r6
 639 0020 FFF7FEFF 		bl	_ZN6plaits22LPCSpeechSynthWordBank4InitEPKNS_26LPCSpeechSynthWordBankDataEiPN6stmlib15BufferAll
 640              	.LVL50:
  45:../eurorack/plaits/dsp/engine/speech_engine.cc ****   word_bank_quantizer_.Init(LPC_SPEECH_SYNTH_NUM_WORD_BANKS + 1, 0.1f, false);
 641              		.loc 1 45 3 is_stmt 1 view .LVU163
  45:../eurorack/plaits/dsp/engine/speech_engine.cc ****   word_bank_quantizer_.Init(LPC_SPEECH_SYNTH_NUM_WORD_BANKS + 1, 0.1f, false);
 642              		.loc 1 45 36 is_stmt 0 view .LVU164
 643 0024 3146     		mov	r1, r6
 644 0026 04F1E400 		add	r0, r4, #228
 645 002a FFF7FEFF 		bl	_ZN6plaits24LPCSpeechSynthController4InitEPNS_22LPCSpeechSynthWordBankE
 646              	.LVL51:
  46:../eurorack/plaits/dsp/engine/speech_engine.cc ****   
 647              		.loc 1 46 3 is_stmt 1 view .LVU165
 648              	.LBB80:
 649              	.LBI80:
  87:../eurorack/stmlib/dsp/hysteresis_quantizer.h ****     num_steps_ = num_steps;
 650              		.loc 5 87 8 view .LVU166
 651              	.LBB81:
  88:../eurorack/stmlib/dsp/hysteresis_quantizer.h ****     hysteresis_ = hysteresis;
 652              		.loc 5 88 5 view .LVU167
  88:../eurorack/stmlib/dsp/hysteresis_quantizer.h ****     hysteresis_ = hysteresis;
 653              		.loc 5 88 16 is_stmt 0 view .LVU168
 654 002e 0623     		movs	r3, #6
  94:../eurorack/stmlib/dsp/hysteresis_quantizer.h ****   }
 655              		.loc 5 94 22 view .LVU169
 656 0030 0022     		movs	r2, #0
ARM GAS  /var/folders/y7/g6pkzsp12sx54x3s3mvyn15r0000gn/T//ccB0KYn4.s 			page 21


  88:../eurorack/stmlib/dsp/hysteresis_quantizer.h ****     hysteresis_ = hysteresis;
 657              		.loc 5 88 16 view .LVU170
 658 0032 2361     		str	r3, [r4, #16]
  89:../eurorack/stmlib/dsp/hysteresis_quantizer.h **** 
 659              		.loc 5 89 5 is_stmt 1 view .LVU171
  89:../eurorack/stmlib/dsp/hysteresis_quantizer.h **** 
 660              		.loc 5 89 17 is_stmt 0 view .LVU172
 661 0034 134B     		ldr	r3, .L33+4
  94:../eurorack/stmlib/dsp/hysteresis_quantizer.h ****   }
 662              		.loc 5 94 22 view .LVU173
 663 0036 2262     		str	r2, [r4, #32]
  89:../eurorack/stmlib/dsp/hysteresis_quantizer.h **** 
 664              		.loc 5 89 17 view .LVU174
 665 0038 6361     		str	r3, [r4, #20]	@ float
  91:../eurorack/stmlib/dsp/hysteresis_quantizer.h ****     offset_ = symmetric ? 0.0f : -0.5f;
 666              		.loc 5 91 5 is_stmt 1 view .LVU175
  91:../eurorack/stmlib/dsp/hysteresis_quantizer.h ****     offset_ = symmetric ? 0.0f : -0.5f;
 667              		.loc 5 91 12 is_stmt 0 discriminator 4 view .LVU176
 668 003a 134B     		ldr	r3, .L33+8
 669 003c A361     		str	r3, [r4, #24]	@ float
  92:../eurorack/stmlib/dsp/hysteresis_quantizer.h **** 
 670              		.loc 5 92 5 is_stmt 1 view .LVU177
  92:../eurorack/stmlib/dsp/hysteresis_quantizer.h **** 
 671              		.loc 5 92 13 is_stmt 0 discriminator 4 view .LVU178
 672 003e 4FF03F43 		mov	r3, #-1090519040
 673 0042 E361     		str	r3, [r4, #28]	@ float
  94:../eurorack/stmlib/dsp/hysteresis_quantizer.h ****   }
 674              		.loc 5 94 5 is_stmt 1 view .LVU179
 675              	.LVL52:
  94:../eurorack/stmlib/dsp/hysteresis_quantizer.h ****   }
 676              		.loc 5 94 5 is_stmt 0 view .LVU180
 677              	.LBE81:
 678              	.LBE80:
  48:../eurorack/plaits/dsp/engine/speech_engine.cc ****   temp_buffer_[1] = allocator->Allocate<float>(kMaxBlockSize);
 679              		.loc 1 48 3 is_stmt 1 view .LVU181
 680              	.LBB82:
 681              	.LBI82:
 682              		.file 6 "../eurorack/stmlib/utils/buffer_allocator.h"
   1:../eurorack/stmlib/utils/buffer_allocator.h **** // Copyright 2014 Emilie Gillet.
   2:../eurorack/stmlib/utils/buffer_allocator.h **** //
   3:../eurorack/stmlib/utils/buffer_allocator.h **** // Author: Emilie Gillet (emilie.o.gillet@gmail.com)
   4:../eurorack/stmlib/utils/buffer_allocator.h **** //
   5:../eurorack/stmlib/utils/buffer_allocator.h **** // Permission is hereby granted, free of charge, to any person obtaining a copy
   6:../eurorack/stmlib/utils/buffer_allocator.h **** // of this software and associated documentation files (the "Software"), to deal
   7:../eurorack/stmlib/utils/buffer_allocator.h **** // in the Software without restriction, including without limitation the rights
   8:../eurorack/stmlib/utils/buffer_allocator.h **** // to use, copy, modify, merge, publish, distribute, sublicense, and/or sell
   9:../eurorack/stmlib/utils/buffer_allocator.h **** // copies of the Software, and to permit persons to whom the Software is
  10:../eurorack/stmlib/utils/buffer_allocator.h **** // furnished to do so, subject to the following conditions:
  11:../eurorack/stmlib/utils/buffer_allocator.h **** // 
  12:../eurorack/stmlib/utils/buffer_allocator.h **** // The above copyright notice and this permission notice shall be included in
  13:../eurorack/stmlib/utils/buffer_allocator.h **** // all copies or substantial portions of the Software.
  14:../eurorack/stmlib/utils/buffer_allocator.h **** // 
  15:../eurorack/stmlib/utils/buffer_allocator.h **** // THE SOFTWARE IS PROVIDED "AS IS", WITHOUT WARRANTY OF ANY KIND, EXPRESS OR
  16:../eurorack/stmlib/utils/buffer_allocator.h **** // IMPLIED, INCLUDING BUT NOT LIMITED TO THE WARRANTIES OF MERCHANTABILITY,
  17:../eurorack/stmlib/utils/buffer_allocator.h **** // FITNESS FOR A PARTICULAR PURPOSE AND NONINFRINGEMENT. IN NO EVENT SHALL THE
  18:../eurorack/stmlib/utils/buffer_allocator.h **** // AUTHORS OR COPYRIGHT HOLDERS BE LIABLE FOR ANY CLAIM, DAMAGES OR OTHER
  19:../eurorack/stmlib/utils/buffer_allocator.h **** // LIABILITY, WHETHER IN AN ACTION OF CONTRACT, TORT OR OTHERWISE, ARISING FROM,
ARM GAS  /var/folders/y7/g6pkzsp12sx54x3s3mvyn15r0000gn/T//ccB0KYn4.s 			page 22


  20:../eurorack/stmlib/utils/buffer_allocator.h **** // OUT OF OR IN CONNECTION WITH THE SOFTWARE OR THE USE OR OTHER DEALINGS IN
  21:../eurorack/stmlib/utils/buffer_allocator.h **** // THE SOFTWARE.
  22:../eurorack/stmlib/utils/buffer_allocator.h **** // 
  23:../eurorack/stmlib/utils/buffer_allocator.h **** // See http://creativecommons.org/licenses/MIT/ for more information.
  24:../eurorack/stmlib/utils/buffer_allocator.h **** //
  25:../eurorack/stmlib/utils/buffer_allocator.h **** // -----------------------------------------------------------------------------
  26:../eurorack/stmlib/utils/buffer_allocator.h **** //
  27:../eurorack/stmlib/utils/buffer_allocator.h **** // Stream buffer for serialization.
  28:../eurorack/stmlib/utils/buffer_allocator.h **** 
  29:../eurorack/stmlib/utils/buffer_allocator.h **** #ifndef STMLIB_UTILS_BUFFER_ALLOCATOR_H_
  30:../eurorack/stmlib/utils/buffer_allocator.h **** #define STMLIB_UTILS_BUFFER_ALLOCATOR_H_
  31:../eurorack/stmlib/utils/buffer_allocator.h **** 
  32:../eurorack/stmlib/utils/buffer_allocator.h **** #include "stmlib/stmlib.h"
  33:../eurorack/stmlib/utils/buffer_allocator.h **** 
  34:../eurorack/stmlib/utils/buffer_allocator.h **** namespace stmlib {
  35:../eurorack/stmlib/utils/buffer_allocator.h **** 
  36:../eurorack/stmlib/utils/buffer_allocator.h **** class BufferAllocator {
  37:../eurorack/stmlib/utils/buffer_allocator.h ****  public:
  38:../eurorack/stmlib/utils/buffer_allocator.h ****   BufferAllocator() { }
  39:../eurorack/stmlib/utils/buffer_allocator.h ****   ~BufferAllocator() { }
  40:../eurorack/stmlib/utils/buffer_allocator.h ****   
  41:../eurorack/stmlib/utils/buffer_allocator.h ****   BufferAllocator(void* buffer, size_t size) {
  42:../eurorack/stmlib/utils/buffer_allocator.h ****     Init(buffer, size);
  43:../eurorack/stmlib/utils/buffer_allocator.h ****   }
  44:../eurorack/stmlib/utils/buffer_allocator.h ****   
  45:../eurorack/stmlib/utils/buffer_allocator.h ****   inline void Init(void* buffer, size_t size) {
  46:../eurorack/stmlib/utils/buffer_allocator.h ****     buffer_ = static_cast<uint8_t*>(buffer);
  47:../eurorack/stmlib/utils/buffer_allocator.h ****     size_ = size;
  48:../eurorack/stmlib/utils/buffer_allocator.h ****     Free();
  49:../eurorack/stmlib/utils/buffer_allocator.h ****   }
  50:../eurorack/stmlib/utils/buffer_allocator.h **** 
  51:../eurorack/stmlib/utils/buffer_allocator.h ****   template<typename T>
  52:../eurorack/stmlib/utils/buffer_allocator.h ****   inline T* Allocate() {
  53:../eurorack/stmlib/utils/buffer_allocator.h ****     return Allocate<T>(1);
  54:../eurorack/stmlib/utils/buffer_allocator.h ****   }
  55:../eurorack/stmlib/utils/buffer_allocator.h ****   
  56:../eurorack/stmlib/utils/buffer_allocator.h ****   template<typename T>
  57:../eurorack/stmlib/utils/buffer_allocator.h ****   inline T* Allocate(size_t size) {
 683              		.loc 6 57 13 view .LVU182
 684              	.LBB83:
 685              	.LBB84:
  58:../eurorack/stmlib/utils/buffer_allocator.h ****     size_t size_bytes = sizeof(T) * size;
  59:../eurorack/stmlib/utils/buffer_allocator.h ****     if (size_bytes <= free_) {
 686              		.loc 6 59 23 is_stmt 0 view .LVU183
 687 0044 AB68     		ldr	r3, [r5, #8]
 688              		.loc 6 59 5 view .LVU184
 689 0046 5F2B     		cmp	r3, #95
 690 0048 0AD8     		bhi	.L29
 691              	.LVL53:
 692              		.loc 6 59 5 view .LVU185
 693              	.LBE84:
 694              	.LBE83:
 695              	.LBE82:
  48:../eurorack/plaits/dsp/engine/speech_engine.cc ****   temp_buffer_[1] = allocator->Allocate<float>(kMaxBlockSize);
 696              		.loc 1 48 19 discriminator 1 view .LVU186
 697 004a C4F89421 		str	r2, [r4, #404]
  49:../eurorack/plaits/dsp/engine/speech_engine.cc ****   
ARM GAS  /var/folders/y7/g6pkzsp12sx54x3s3mvyn15r0000gn/T//ccB0KYn4.s 			page 23


 698              		.loc 1 49 3 is_stmt 1 view .LVU187
 699              	.LVL54:
 700              	.LBB91:
 701              	.LBI91:
  57:../eurorack/stmlib/utils/buffer_allocator.h ****     size_t size_bytes = sizeof(T) * size;
 702              		.loc 6 57 13 view .LVU188
 703              	.L30:
 704              	.LBB92:
 705              	.LBB93:
  60:../eurorack/stmlib/utils/buffer_allocator.h ****       T* start = static_cast<T*>(static_cast<void*>(next_));
  61:../eurorack/stmlib/utils/buffer_allocator.h ****       next_ += size_bytes;
  62:../eurorack/stmlib/utils/buffer_allocator.h ****       free_ -= size_bytes;
  63:../eurorack/stmlib/utils/buffer_allocator.h ****       return start;
  64:../eurorack/stmlib/utils/buffer_allocator.h ****     } else {
  65:../eurorack/stmlib/utils/buffer_allocator.h ****       return NULL;
 706              		.loc 6 65 14 is_stmt 0 view .LVU189
 707 004e 0021     		movs	r1, #0
 708              	.L32:
 709              	.LVL55:
 710              		.loc 6 65 14 view .LVU190
 711              	.LBE93:
 712              	.LBE92:
 713              	.LBE91:
  51:../eurorack/plaits/dsp/engine/speech_engine.cc ****   speed_ = 0.0f;
 714              		.loc 1 51 19 view .LVU191
 715 0050 0023     		movs	r3, #0
  49:../eurorack/plaits/dsp/engine/speech_engine.cc ****   
 716              		.loc 1 49 19 discriminator 1 view .LVU192
 717 0052 C4F89811 		str	r1, [r4, #408]
  51:../eurorack/plaits/dsp/engine/speech_engine.cc ****   speed_ = 0.0f;
 718              		.loc 1 51 3 is_stmt 1 view .LVU193
  51:../eurorack/plaits/dsp/engine/speech_engine.cc ****   speed_ = 0.0f;
 719              		.loc 1 51 19 is_stmt 0 view .LVU194
 720 0056 C4F89C31 		str	r3, [r4, #412]	@ float
  52:../eurorack/plaits/dsp/engine/speech_engine.cc **** }
 721              		.loc 1 52 3 is_stmt 1 view .LVU195
  52:../eurorack/plaits/dsp/engine/speech_engine.cc **** }
 722              		.loc 1 52 10 is_stmt 0 view .LVU196
 723 005a C4F8A031 		str	r3, [r4, #416]	@ float
  53:../eurorack/plaits/dsp/engine/speech_engine.cc **** 
 724              		.loc 1 53 1 view .LVU197
 725 005e 70BD     		pop	{r4, r5, r6, pc}
 726              	.LVL56:
 727              	.L29:
 728              	.LBB99:
 729              	.LBB89:
 730              	.LBB87:
 731              	.LBB85:
  60:../eurorack/stmlib/utils/buffer_allocator.h ****       next_ += size_bytes;
 732              		.loc 6 60 10 view .LVU198
 733 0060 2A68     		ldr	r2, [r5]
 734              	.LVL57:
  62:../eurorack/stmlib/utils/buffer_allocator.h ****       return start;
 735              		.loc 6 62 13 view .LVU199
 736 0062 A3F16000 		sub	r0, r3, #96
  61:../eurorack/stmlib/utils/buffer_allocator.h ****       free_ -= size_bytes;
 737              		.loc 6 61 13 view .LVU200
ARM GAS  /var/folders/y7/g6pkzsp12sx54x3s3mvyn15r0000gn/T//ccB0KYn4.s 			page 24


 738 0066 02F16001 		add	r1, r2, #96
 739              	.LBE85:
 740              	.LBE87:
 741              	.LBE89:
 742              	.LBE99:
 743              	.LBB100:
 744              	.LBB97:
 745              	.LBB95:
  59:../eurorack/stmlib/utils/buffer_allocator.h ****       T* start = static_cast<T*>(static_cast<void*>(next_));
 746              		.loc 6 59 5 view .LVU201
 747 006a 5F28     		cmp	r0, #95
 748              	.LBE95:
 749              	.LBE97:
 750              	.LBE100:
 751              	.LBB101:
 752              	.LBB90:
 753              	.LBB88:
 754              	.LBB86:
  62:../eurorack/stmlib/utils/buffer_allocator.h ****       return start;
 755              		.loc 6 62 13 view .LVU202
 756 006c A860     		str	r0, [r5, #8]
 757              	.LVL58:
  61:../eurorack/stmlib/utils/buffer_allocator.h ****       free_ -= size_bytes;
 758              		.loc 6 61 13 view .LVU203
 759 006e 2960     		str	r1, [r5]
 760              	.LBE86:
 761              	.LBE88:
 762              	.LBE90:
 763              	.LBE101:
  48:../eurorack/plaits/dsp/engine/speech_engine.cc ****   temp_buffer_[1] = allocator->Allocate<float>(kMaxBlockSize);
 764              		.loc 1 48 19 discriminator 1 view .LVU204
 765 0070 C4F89421 		str	r2, [r4, #404]
  49:../eurorack/plaits/dsp/engine/speech_engine.cc ****   
 766              		.loc 1 49 3 is_stmt 1 view .LVU205
 767              	.LVL59:
 768              	.LBB102:
  57:../eurorack/stmlib/utils/buffer_allocator.h ****     size_t size_bytes = sizeof(T) * size;
 769              		.loc 6 57 13 view .LVU206
 770              	.LBB98:
 771              	.LBB96:
  59:../eurorack/stmlib/utils/buffer_allocator.h ****       T* start = static_cast<T*>(static_cast<void*>(next_));
 772              		.loc 6 59 5 is_stmt 0 view .LVU207
 773 0074 EBD9     		bls	.L30
 774              	.LVL60:
 775              	.LBB94:
  61:../eurorack/stmlib/utils/buffer_allocator.h ****       free_ -= size_bytes;
 776              		.loc 6 61 13 view .LVU208
 777 0076 C032     		adds	r2, r2, #192
  62:../eurorack/stmlib/utils/buffer_allocator.h ****       return start;
 778              		.loc 6 62 13 view .LVU209
 779 0078 C03B     		subs	r3, r3, #192
  61:../eurorack/stmlib/utils/buffer_allocator.h ****       free_ -= size_bytes;
 780              		.loc 6 61 13 view .LVU210
 781 007a 2A60     		str	r2, [r5]
  62:../eurorack/stmlib/utils/buffer_allocator.h ****       return start;
 782              		.loc 6 62 13 view .LVU211
 783 007c AB60     		str	r3, [r5, #8]
ARM GAS  /var/folders/y7/g6pkzsp12sx54x3s3mvyn15r0000gn/T//ccB0KYn4.s 			page 25


  63:../eurorack/stmlib/utils/buffer_allocator.h ****     } else {
 784              		.loc 6 63 14 view .LVU212
 785 007e E7E7     		b	.L32
 786              	.L34:
 787              		.align	2
 788              	.L33:
 789 0080 00000000 		.word	_ZN6plaits11word_banks_E
 790 0084 CDCCCC3D 		.word	1036831949
 791 0088 0000C040 		.word	1086324736
 792              	.LBE94:
 793              	.LBE96:
 794              	.LBE98:
 795              	.LBE102:
 796              		.cfi_endproc
 797              	.LFE1432:
 799              		.global	_ZTVN6plaits12SpeechEngineE
 800              		.section	.rodata._ZTVN6plaits12SpeechEngineE,"a"
 801              		.align	2
 804              	_ZTVN6plaits12SpeechEngineE:
 805 0000 00000000 		.word	0
 806 0004 00000000 		.word	0
 807 0008 00000000 		.word	_ZN6plaits12SpeechEngine4InitEPN6stmlib15BufferAllocatorE
 808 000c 00000000 		.word	_ZN6plaits12SpeechEngine5ResetEv
 809 0010 00000000 		.word	_ZN6plaits12SpeechEngine12LoadUserDataEPKh
 810 0014 00000000 		.word	_ZN6plaits12SpeechEngine6RenderERKNS_16EngineParametersEPfS4_jPb
 811              		.text
 812              	.Letext0:
 813              		.file 7 "/Applications/ArmGNUToolchain/14.2.rel1/arm-none-eabi/arm-none-eabi/include/machine/_defa
 814              		.file 8 "/Applications/ArmGNUToolchain/14.2.rel1/arm-none-eabi/arm-none-eabi/include/sys/_stdint.h
 815              		.file 9 "/Applications/ArmGNUToolchain/14.2.rel1/arm-none-eabi/lib/gcc/arm-none-eabi/14.2.1/includ
 816              		.file 10 "/Applications/ArmGNUToolchain/14.2.rel1/arm-none-eabi/arm-none-eabi/include/c++/14.2.1/c
 817              		.file 11 "/Applications/ArmGNUToolchain/14.2.rel1/arm-none-eabi/arm-none-eabi/include/c++/14.2.1/b
 818              		.file 12 "/Applications/ArmGNUToolchain/14.2.rel1/arm-none-eabi/arm-none-eabi/include/c++/14.2.1/t
 819              		.file 13 "/Applications/ArmGNUToolchain/14.2.rel1/arm-none-eabi/arm-none-eabi/include/c++/14.2.1/d
 820              		.file 14 "/Applications/ArmGNUToolchain/14.2.rel1/arm-none-eabi/arm-none-eabi/include/c++/14.2.1/c
 821              		.file 15 "/Applications/ArmGNUToolchain/14.2.rel1/arm-none-eabi/arm-none-eabi/include/c++/14.2.1/b
 822              		.file 16 "/Applications/ArmGNUToolchain/14.2.rel1/arm-none-eabi/arm-none-eabi/include/math.h"
 823              		.file 17 "/Applications/ArmGNUToolchain/14.2.rel1/arm-none-eabi/arm-none-eabi/include/stdlib.h"
 824              		.file 18 "/Applications/ArmGNUToolchain/14.2.rel1/arm-none-eabi/arm-none-eabi/include/c++/14.2.1/m
 825              		.file 19 "../eurorack/stmlib/stmlib.h"
 826              		.file 20 "/Applications/ArmGNUToolchain/14.2.rel1/arm-none-eabi/arm-none-eabi/include/c++/14.2.1/a
 827              		.file 21 "/Applications/ArmGNUToolchain/14.2.rel1/arm-none-eabi/arm-none-eabi/include/c++/14.2.1/b
 828              		.file 22 "../eurorack/stmlib/dsp/filter.h"
 829              		.file 23 "../eurorack/plaits/dsp/dsp.h"
 830              		.file 24 "../eurorack/plaits/dsp/speech/lpc_speech_synth.h"
 831              		.file 25 "../eurorack/plaits/dsp/speech/lpc_speech_synth_controller.h"
 832              		.file 26 "../eurorack/plaits/dsp/oscillator/oscillator.h"
 833              		.file 27 "../eurorack/plaits/dsp/speech/naive_speech_synth.h"
 834              		.file 28 "../eurorack/plaits/dsp/speech/sam_speech_synth.h"
 835              		.file 29 "../eurorack/plaits/dsp/speech/lpc_speech_synth_words.h"
ARM GAS  /var/folders/y7/g6pkzsp12sx54x3s3mvyn15r0000gn/T//ccB0KYn4.s 			page 26


DEFINED SYMBOLS
                            *ABS*:00000000 speech_engine.cc
/var/folders/y7/g6pkzsp12sx54x3s3mvyn15r0000gn/T//ccB0KYn4.s:20     .text._ZN6plaits12SpeechEngine12LoadUserDataEPKh:00000000 $t
/var/folders/y7/g6pkzsp12sx54x3s3mvyn15r0000gn/T//ccB0KYn4.s:26     .text._ZN6plaits12SpeechEngine12LoadUserDataEPKh:00000000 _ZN6plaits12SpeechEngine12LoadUserDataEPKh
/var/folders/y7/g6pkzsp12sx54x3s3mvyn15r0000gn/T//ccB0KYn4.s:41     .text._ZN6plaits12SpeechEngine5ResetEv:00000000 $t
/var/folders/y7/g6pkzsp12sx54x3s3mvyn15r0000gn/T//ccB0KYn4.s:47     .text._ZN6plaits12SpeechEngine5ResetEv:00000000 _ZN6plaits12SpeechEngine5ResetEv
/var/folders/y7/g6pkzsp12sx54x3s3mvyn15r0000gn/T//ccB0KYn4.s:67     .text._ZN6plaits12SpeechEngine6RenderERKNS_16EngineParametersEPfS4_jPb:00000000 $t
/var/folders/y7/g6pkzsp12sx54x3s3mvyn15r0000gn/T//ccB0KYn4.s:73     .text._ZN6plaits12SpeechEngine6RenderERKNS_16EngineParametersEPfS4_jPb:00000000 _ZN6plaits12SpeechEngine6RenderERKNS_16EngineParametersEPfS4_jPb
/var/folders/y7/g6pkzsp12sx54x3s3mvyn15r0000gn/T//ccB0KYn4.s:581    .text._ZN6plaits12SpeechEngine6RenderERKNS_16EngineParametersEPfS4_jPb:00000244 $d
/var/folders/y7/g6pkzsp12sx54x3s3mvyn15r0000gn/T//ccB0KYn4.s:595    .text._ZN6plaits12SpeechEngine4InitEPN6stmlib15BufferAllocatorE:00000000 $t
/var/folders/y7/g6pkzsp12sx54x3s3mvyn15r0000gn/T//ccB0KYn4.s:601    .text._ZN6plaits12SpeechEngine4InitEPN6stmlib15BufferAllocatorE:00000000 _ZN6plaits12SpeechEngine4InitEPN6stmlib15BufferAllocatorE
/var/folders/y7/g6pkzsp12sx54x3s3mvyn15r0000gn/T//ccB0KYn4.s:789    .text._ZN6plaits12SpeechEngine4InitEPN6stmlib15BufferAllocatorE:00000080 $d
/var/folders/y7/g6pkzsp12sx54x3s3mvyn15r0000gn/T//ccB0KYn4.s:804    .rodata._ZTVN6plaits12SpeechEngineE:00000000 _ZTVN6plaits12SpeechEngineE
/var/folders/y7/g6pkzsp12sx54x3s3mvyn15r0000gn/T//ccB0KYn4.s:801    .rodata._ZTVN6plaits12SpeechEngineE:00000000 $d

UNDEFINED SYMBOLS
_ZN6plaits22LPCSpeechSynthWordBank5ResetEv
_ZN6plaits16NaiveSpeechSynth6RenderEbfffPfS1_S1_j
_ZN6plaits14SAMSpeechSynth6RenderEbfffPfS1_j
_ZN6plaits24LPCSpeechSynthController6RenderEbbiffffffPfS1_j
_ZN6stmlib19lut_pitch_ratio_lowE
_ZN6stmlib20lut_pitch_ratio_highE
_ZN6plaits14SAMSpeechSynth4InitEv
_ZN6plaits16NaiveSpeechSynth4InitEv
_ZN6plaits22LPCSpeechSynthWordBank4InitEPKNS_26LPCSpeechSynthWordBankDataEiPN6stmlib15BufferAllocatorE
_ZN6plaits24LPCSpeechSynthController4InitEPNS_22LPCSpeechSynthWordBankE
_ZN6plaits11word_banks_E
