ARM GAS  /var/folders/y7/g6pkzsp12sx54x3s3mvyn15r0000gn/T//ccSbSZJ9.s 			page 1


   1              		.cpu cortex-m7
   2              		.arch armv7e-m
   3              		.fpu fpv5-d16
   4              		.eabi_attribute 28, 1
   5              		.eabi_attribute 20, 1
   6              		.eabi_attribute 21, 1
   7              		.eabi_attribute 23, 3
   8              		.eabi_attribute 24, 1
   9              		.eabi_attribute 25, 1
  10              		.eabi_attribute 26, 1
  11              		.eabi_attribute 30, 4
  12              		.eabi_attribute 34, 1
  13              		.eabi_attribute 18, 4
  14              		.file	"units.cc"
  15              		.text
  16              	.Ltext0:
  17              		.cfi_sections	.debug_frame
  18              		.file 1 "../eurorack/stmlib/dsp/units.cc"
  19              		.global	_ZN6stmlib19lut_pitch_ratio_lowE
  20              		.section	.rodata._ZN6stmlib19lut_pitch_ratio_lowE,"a"
  21              		.align	2
  24              	_ZN6stmlib19lut_pitch_ratio_lowE:
  25 0000 0000803F 		.word	1065353216
  26 0004 6507803F 		.word	1065355109
  27 0008 CA0E803F 		.word	1065357002
  28 000c 3016803F 		.word	1065358896
  29 0010 961D803F 		.word	1065360790
  30 0014 FD24803F 		.word	1065362685
  31 0018 642C803F 		.word	1065364580
  32 001c CC33803F 		.word	1065366476
  33 0020 343B803F 		.word	1065368372
  34 0024 9C42803F 		.word	1065370268
  35 0028 054A803F 		.word	1065372165
  36 002c 6E51803F 		.word	1065374062
  37 0030 D858803F 		.word	1065375960
  38 0034 4260803F 		.word	1065377858
  39 0038 AC67803F 		.word	1065379756
  40 003c 176F803F 		.word	1065381655
  41 0040 8376803F 		.word	1065383555
  42 0044 EF7D803F 		.word	1065385455
  43 0048 5B85803F 		.word	1065387355
  44 004c C88C803F 		.word	1065389256
  45 0050 3594803F 		.word	1065391157
  46 0054 A29B803F 		.word	1065393058
  47 0058 10A3803F 		.word	1065394960
  48 005c 7EAA803F 		.word	1065396862
  49 0060 EDB1803F 		.word	1065398765
  50 0064 5DB9803F 		.word	1065400669
  51 0068 CCC0803F 		.word	1065402572
  52 006c 3CC8803F 		.word	1065404476
  53 0070 ADCF803F 		.word	1065406381
  54 0074 1ED7803F 		.word	1065408286
  55 0078 8FDE803F 		.word	1065410191
  56 007c 01E6803F 		.word	1065412097
  57 0080 73ED803F 		.word	1065414003
  58 0084 E6F4803F 		.word	1065415910
  59 0088 59FC803F 		.word	1065417817
ARM GAS  /var/folders/y7/g6pkzsp12sx54x3s3mvyn15r0000gn/T//ccSbSZJ9.s 			page 2


  60 008c CD03813F 		.word	1065419725
  61 0090 410B813F 		.word	1065421633
  62 0094 B512813F 		.word	1065423541
  63 0098 2A1A813F 		.word	1065425450
  64 009c 9F21813F 		.word	1065427359
  65 00a0 1529813F 		.word	1065429269
  66 00a4 8B30813F 		.word	1065431179
  67 00a8 0238813F 		.word	1065433090
  68 00ac 793F813F 		.word	1065435001
  69 00b0 F046813F 		.word	1065436912
  70 00b4 684E813F 		.word	1065438824
  71 00b8 E055813F 		.word	1065440736
  72 00bc 595D813F 		.word	1065442649
  73 00c0 D264813F 		.word	1065444562
  74 00c4 4C6C813F 		.word	1065446476
  75 00c8 C673813F 		.word	1065448390
  76 00cc 407B813F 		.word	1065450304
  77 00d0 BB82813F 		.word	1065452219
  78 00d4 368A813F 		.word	1065454134
  79 00d8 B291813F 		.word	1065456050
  80 00dc 2E99813F 		.word	1065457966
  81 00e0 ABA0813F 		.word	1065459883
  82 00e4 28A8813F 		.word	1065461800
  83 00e8 A5AF813F 		.word	1065463717
  84 00ec 23B7813F 		.word	1065465635
  85 00f0 A1BE813F 		.word	1065467553
  86 00f4 20C6813F 		.word	1065469472
  87 00f8 9FCD813F 		.word	1065471391
  88 00fc 1FD5813F 		.word	1065473311
  89 0100 9FDC813F 		.word	1065475231
  90 0104 20E4813F 		.word	1065477152
  91 0108 A1EB813F 		.word	1065479073
  92 010c 22F3813F 		.word	1065480994
  93 0110 A4FA813F 		.word	1065482916
  94 0114 2602823F 		.word	1065484838
  95 0118 A909823F 		.word	1065486761
  96 011c 2C11823F 		.word	1065488684
  97 0120 AF18823F 		.word	1065490607
  98 0124 3320823F 		.word	1065492531
  99 0128 B827823F 		.word	1065494456
 100 012c 3C2F823F 		.word	1065496380
 101 0130 C236823F 		.word	1065498306
 102 0134 473E823F 		.word	1065500231
 103 0138 CE45823F 		.word	1065502158
 104 013c 544D823F 		.word	1065504084
 105 0140 DB54823F 		.word	1065506011
 106 0144 635C823F 		.word	1065507939
 107 0148 EB63823F 		.word	1065509867
 108 014c 736B823F 		.word	1065511795
 109 0150 FC72823F 		.word	1065513724
 110 0154 857A823F 		.word	1065515653
 111 0158 0E82823F 		.word	1065517582
 112 015c 9889823F 		.word	1065519512
 113 0160 2391823F 		.word	1065521443
 114 0164 AE98823F 		.word	1065523374
 115 0168 39A0823F 		.word	1065525305
 116 016c C5A7823F 		.word	1065527237
ARM GAS  /var/folders/y7/g6pkzsp12sx54x3s3mvyn15r0000gn/T//ccSbSZJ9.s 			page 3


 117 0170 51AF823F 		.word	1065529169
 118 0174 DEB6823F 		.word	1065531102
 119 0178 6BBE823F 		.word	1065533035
 120 017c F9C5823F 		.word	1065534969
 121 0180 87CD823F 		.word	1065536903
 122 0184 15D5823F 		.word	1065538837
 123 0188 A4DC823F 		.word	1065540772
 124 018c 33E4823F 		.word	1065542707
 125 0190 C3EB823F 		.word	1065544643
 126 0194 53F3823F 		.word	1065546579
 127 0198 E4FA823F 		.word	1065548516
 128 019c 7502833F 		.word	1065550453
 129 01a0 060A833F 		.word	1065552390
 130 01a4 9811833F 		.word	1065554328
 131 01a8 2A19833F 		.word	1065556266
 132 01ac BD20833F 		.word	1065558205
 133 01b0 5028833F 		.word	1065560144
 134 01b4 E42F833F 		.word	1065562084
 135 01b8 7837833F 		.word	1065564024
 136 01bc 0D3F833F 		.word	1065565965
 137 01c0 A246833F 		.word	1065567906
 138 01c4 374E833F 		.word	1065569847
 139 01c8 CD55833F 		.word	1065571789
 140 01cc 635D833F 		.word	1065573731
 141 01d0 FA64833F 		.word	1065575674
 142 01d4 916C833F 		.word	1065577617
 143 01d8 2974833F 		.word	1065579561
 144 01dc C17B833F 		.word	1065581505
 145 01e0 5983833F 		.word	1065583449
 146 01e4 F28A833F 		.word	1065585394
 147 01e8 8C92833F 		.word	1065587340
 148 01ec 259A833F 		.word	1065589285
 149 01f0 C0A1833F 		.word	1065591232
 150 01f4 5AA9833F 		.word	1065593178
 151 01f8 F5B0833F 		.word	1065595125
 152 01fc 91B8833F 		.word	1065597073
 153 0200 2DC0833F 		.word	1065599021
 154 0204 C9C7833F 		.word	1065600969
 155 0208 66CF833F 		.word	1065602918
 156 020c 04D7833F 		.word	1065604868
 157 0210 A1DE833F 		.word	1065606817
 158 0214 40E6833F 		.word	1065608768
 159 0218 DEED833F 		.word	1065610718
 160 021c 7DF5833F 		.word	1065612669
 161 0220 1DFD833F 		.word	1065614621
 162 0224 BD04843F 		.word	1065616573
 163 0228 5D0C843F 		.word	1065618525
 164 022c FE13843F 		.word	1065620478
 165 0230 9F1B843F 		.word	1065622431
 166 0234 4123843F 		.word	1065624385
 167 0238 E32A843F 		.word	1065626339
 168 023c 8632843F 		.word	1065628294
 169 0240 293A843F 		.word	1065630249
 170 0244 CC41843F 		.word	1065632204
 171 0248 7049843F 		.word	1065634160
 172 024c 1551843F 		.word	1065636117
 173 0250 B958843F 		.word	1065638073
ARM GAS  /var/folders/y7/g6pkzsp12sx54x3s3mvyn15r0000gn/T//ccSbSZJ9.s 			page 4


 174 0254 5F60843F 		.word	1065640031
 175 0258 0468843F 		.word	1065641988
 176 025c AA6F843F 		.word	1065643946
 177 0260 5177843F 		.word	1065645905
 178 0264 F87E843F 		.word	1065647864
 179 0268 9F86843F 		.word	1065649823
 180 026c 478E843F 		.word	1065651783
 181 0270 F095843F 		.word	1065653744
 182 0274 989D843F 		.word	1065655704
 183 0278 42A5843F 		.word	1065657666
 184 027c EBAC843F 		.word	1065659627
 185 0280 95B4843F 		.word	1065661589
 186 0284 40BC843F 		.word	1065663552
 187 0288 EBC3843F 		.word	1065665515
 188 028c 96CB843F 		.word	1065667478
 189 0290 42D3843F 		.word	1065669442
 190 0294 EFDA843F 		.word	1065671407
 191 0298 9BE2843F 		.word	1065673371
 192 029c 49EA843F 		.word	1065675337
 193 02a0 F6F1843F 		.word	1065677302
 194 02a4 A4F9843F 		.word	1065679268
 195 02a8 5301853F 		.word	1065681235
 196 02ac 0209853F 		.word	1065683202
 197 02b0 B110853F 		.word	1065685169
 198 02b4 6118853F 		.word	1065687137
 199 02b8 1220853F 		.word	1065689106
 200 02bc C227853F 		.word	1065691074
 201 02c0 742F853F 		.word	1065693044
 202 02c4 2537853F 		.word	1065695013
 203 02c8 D73E853F 		.word	1065696983
 204 02cc 8A46853F 		.word	1065698954
 205 02d0 3D4E853F 		.word	1065700925
 206 02d4 F055853F 		.word	1065702896
 207 02d8 A45D853F 		.word	1065704868
 208 02dc 5865853F 		.word	1065706840
 209 02e0 0D6D853F 		.word	1065708813
 210 02e4 C274853F 		.word	1065710786
 211 02e8 787C853F 		.word	1065712760
 212 02ec 2E84853F 		.word	1065714734
 213 02f0 E58B853F 		.word	1065716709
 214 02f4 9C93853F 		.word	1065718684
 215 02f8 539B853F 		.word	1065720659
 216 02fc 0BA3853F 		.word	1065722635
 217 0300 C3AA853F 		.word	1065724611
 218 0304 7CB2853F 		.word	1065726588
 219 0308 35BA853F 		.word	1065728565
 220 030c EFC1853F 		.word	1065730543
 221 0310 A9C9853F 		.word	1065732521
 222 0314 64D1853F 		.word	1065734500
 223 0318 1FD9853F 		.word	1065736479
 224 031c DAE0853F 		.word	1065738458
 225 0320 96E8853F 		.word	1065740438
 226 0324 52F0853F 		.word	1065742418
 227 0328 0FF8853F 		.word	1065744399
 228 032c CCFF853F 		.word	1065746380
 229 0330 8A07863F 		.word	1065748362
 230 0334 480F863F 		.word	1065750344
ARM GAS  /var/folders/y7/g6pkzsp12sx54x3s3mvyn15r0000gn/T//ccSbSZJ9.s 			page 5


 231 0338 0717863F 		.word	1065752327
 232 033c C61E863F 		.word	1065754310
 233 0340 8526863F 		.word	1065756293
 234 0344 452E863F 		.word	1065758277
 235 0348 0636863F 		.word	1065760262
 236 034c C73D863F 		.word	1065762247
 237 0350 8845863F 		.word	1065764232
 238 0354 4A4D863F 		.word	1065766218
 239 0358 0C55863F 		.word	1065768204
 240 035c CE5C863F 		.word	1065770190
 241 0360 9164863F 		.word	1065772177
 242 0364 556C863F 		.word	1065774165
 243 0368 1974863F 		.word	1065776153
 244 036c DD7B863F 		.word	1065778141
 245 0370 A283863F 		.word	1065780130
 246 0374 678B863F 		.word	1065782119
 247 0378 2D93863F 		.word	1065784109
 248 037c F39A863F 		.word	1065786099
 249 0380 BAA2863F 		.word	1065788090
 250 0384 81AA863F 		.word	1065790081
 251 0388 49B2863F 		.word	1065792073
 252 038c 11BA863F 		.word	1065794065
 253 0390 D9C1863F 		.word	1065796057
 254 0394 A2C9863F 		.word	1065798050
 255 0398 6BD1863F 		.word	1065800043
 256 039c 35D9863F 		.word	1065802037
 257 03a0 FFE0863F 		.word	1065804031
 258 03a4 CAE8863F 		.word	1065806026
 259 03a8 95F0863F 		.word	1065808021
 260 03ac 61F8863F 		.word	1065810017
 261 03b0 2D00873F 		.word	1065812013
 262 03b4 F907873F 		.word	1065814009
 263 03b8 C60F873F 		.word	1065816006
 264 03bc 9417873F 		.word	1065818004
 265 03c0 621F873F 		.word	1065820002
 266 03c4 3027873F 		.word	1065822000
 267 03c8 FF2E873F 		.word	1065823999
 268 03cc CE36873F 		.word	1065825998
 269 03d0 9E3E873F 		.word	1065827998
 270 03d4 6E46873F 		.word	1065829998
 271 03d8 3E4E873F 		.word	1065831998
 272 03dc 0F56873F 		.word	1065833999
 273 03e0 E15D873F 		.word	1065836001
 274 03e4 B365873F 		.word	1065838003
 275 03e8 856D873F 		.word	1065840005
 276 03ec 5875873F 		.word	1065842008
 277 03f0 2B7D873F 		.word	1065844011
 278 03f4 FF84873F 		.word	1065846015
 279 03f8 D38C873F 		.word	1065848019
 280 03fc A894873F 		.word	1065850024
 281 0400 00000000 		.space	4
 282              		.global	_ZN6stmlib20lut_pitch_ratio_highE
 283              		.section	.rodata._ZN6stmlib20lut_pitch_ratio_highE,"a"
 284              		.align	2
 287              	_ZN6stmlib20lut_pitch_ratio_highE:
 288 0000 1845213A 		.word	975258904
 289 0004 08DC2A3A 		.word	975887368
ARM GAS  /var/folders/y7/g6pkzsp12sx54x3s3mvyn15r0000gn/T//ccSbSZJ9.s 			page 6


 290 0008 F304353A 		.word	976553203
 291 000c 87C83F3A 		.word	977258631
 292 0010 F52F4B3A 		.word	978006005
 293 0014 FD44573A 		.word	978797821
 294 0018 F011643A 		.word	979636720
 295 001c BFA1713A 		.word	980525503
 296 0020 0000803A 		.word	981467136
 297 0024 7D9C873A 		.word	981965949
 298 0028 D6AC8F3A 		.word	982494422
 299 002c F037983A 		.word	983054320
 300 0030 1845A13A 		.word	983647512
 301 0034 08DCAA3A 		.word	984275976
 302 0038 F304B53A 		.word	984941811
 303 003c 87C8BF3A 		.word	985647239
 304 0040 F52FCB3A 		.word	986394613
 305 0044 FD44D73A 		.word	987186429
 306 0048 F011E43A 		.word	988025328
 307 004c BFA1F13A 		.word	988914111
 308 0050 0000003B 		.word	989855744
 309 0054 7D9C073B 		.word	990354557
 310 0058 D6AC0F3B 		.word	990883030
 311 005c F037183B 		.word	991442928
 312 0060 1845213B 		.word	992036120
 313 0064 08DC2A3B 		.word	992664584
 314 0068 F304353B 		.word	993330419
 315 006c 87C83F3B 		.word	994035847
 316 0070 F52F4B3B 		.word	994783221
 317 0074 FD44573B 		.word	995575037
 318 0078 F011643B 		.word	996413936
 319 007c BFA1713B 		.word	997302719
 320 0080 0000803B 		.word	998244352
 321 0084 7D9C873B 		.word	998743165
 322 0088 D6AC8F3B 		.word	999271638
 323 008c F037983B 		.word	999831536
 324 0090 1845A13B 		.word	1000424728
 325 0094 08DCAA3B 		.word	1001053192
 326 0098 F304B53B 		.word	1001719027
 327 009c 87C8BF3B 		.word	1002424455
 328 00a0 F52FCB3B 		.word	1003171829
 329 00a4 FD44D73B 		.word	1003963645
 330 00a8 F011E43B 		.word	1004802544
 331 00ac BFA1F13B 		.word	1005691327
 332 00b0 0000003C 		.word	1006632960
 333 00b4 7D9C073C 		.word	1007131773
 334 00b8 D6AC0F3C 		.word	1007660246
 335 00bc F037183C 		.word	1008220144
 336 00c0 1845213C 		.word	1008813336
 337 00c4 08DC2A3C 		.word	1009441800
 338 00c8 F304353C 		.word	1010107635
 339 00cc 87C83F3C 		.word	1010813063
 340 00d0 F52F4B3C 		.word	1011560437
 341 00d4 FD44573C 		.word	1012352253
 342 00d8 F011643C 		.word	1013191152
 343 00dc BFA1713C 		.word	1014079935
 344 00e0 0000803C 		.word	1015021568
 345 00e4 7D9C873C 		.word	1015520381
 346 00e8 D6AC8F3C 		.word	1016048854
ARM GAS  /var/folders/y7/g6pkzsp12sx54x3s3mvyn15r0000gn/T//ccSbSZJ9.s 			page 7


 347 00ec F037983C 		.word	1016608752
 348 00f0 1845A13C 		.word	1017201944
 349 00f4 08DCAA3C 		.word	1017830408
 350 00f8 F304B53C 		.word	1018496243
 351 00fc 87C8BF3C 		.word	1019201671
 352 0100 F52FCB3C 		.word	1019949045
 353 0104 FD44D73C 		.word	1020740861
 354 0108 F011E43C 		.word	1021579760
 355 010c BFA1F13C 		.word	1022468543
 356 0110 0000003D 		.word	1023410176
 357 0114 7D9C073D 		.word	1023908989
 358 0118 D6AC0F3D 		.word	1024437462
 359 011c F037183D 		.word	1024997360
 360 0120 1845213D 		.word	1025590552
 361 0124 08DC2A3D 		.word	1026219016
 362 0128 F304353D 		.word	1026884851
 363 012c 87C83F3D 		.word	1027590279
 364 0130 F52F4B3D 		.word	1028337653
 365 0134 FD44573D 		.word	1029129469
 366 0138 F011643D 		.word	1029968368
 367 013c BFA1713D 		.word	1030857151
 368 0140 0000803D 		.word	1031798784
 369 0144 7D9C873D 		.word	1032297597
 370 0148 D6AC8F3D 		.word	1032826070
 371 014c F037983D 		.word	1033385968
 372 0150 1845A13D 		.word	1033979160
 373 0154 08DCAA3D 		.word	1034607624
 374 0158 F304B53D 		.word	1035273459
 375 015c 87C8BF3D 		.word	1035978887
 376 0160 F52FCB3D 		.word	1036726261
 377 0164 FD44D73D 		.word	1037518077
 378 0168 F011E43D 		.word	1038356976
 379 016c BFA1F13D 		.word	1039245759
 380 0170 0000003E 		.word	1040187392
 381 0174 7D9C073E 		.word	1040686205
 382 0178 D6AC0F3E 		.word	1041214678
 383 017c F037183E 		.word	1041774576
 384 0180 1845213E 		.word	1042367768
 385 0184 08DC2A3E 		.word	1042996232
 386 0188 F304353E 		.word	1043662067
 387 018c 87C83F3E 		.word	1044367495
 388 0190 F52F4B3E 		.word	1045114869
 389 0194 FD44573E 		.word	1045906685
 390 0198 F011643E 		.word	1046745584
 391 019c BFA1713E 		.word	1047634367
 392 01a0 0000803E 		.word	1048576000
 393 01a4 7D9C873E 		.word	1049074813
 394 01a8 D6AC8F3E 		.word	1049603286
 395 01ac F037983E 		.word	1050163184
 396 01b0 1845A13E 		.word	1050756376
 397 01b4 08DCAA3E 		.word	1051384840
 398 01b8 F304B53E 		.word	1052050675
 399 01bc 87C8BF3E 		.word	1052756103
 400 01c0 F52FCB3E 		.word	1053503477
 401 01c4 FD44D73E 		.word	1054295293
 402 01c8 F011E43E 		.word	1055134192
 403 01cc BFA1F13E 		.word	1056022975
ARM GAS  /var/folders/y7/g6pkzsp12sx54x3s3mvyn15r0000gn/T//ccSbSZJ9.s 			page 8


 404 01d0 0000003F 		.word	1056964608
 405 01d4 7D9C073F 		.word	1057463421
 406 01d8 D6AC0F3F 		.word	1057991894
 407 01dc F037183F 		.word	1058551792
 408 01e0 1845213F 		.word	1059144984
 409 01e4 08DC2A3F 		.word	1059773448
 410 01e8 F304353F 		.word	1060439283
 411 01ec 87C83F3F 		.word	1061144711
 412 01f0 F52F4B3F 		.word	1061892085
 413 01f4 FD44573F 		.word	1062683901
 414 01f8 F011643F 		.word	1063522800
 415 01fc BFA1713F 		.word	1064411583
 416 0200 0000803F 		.word	1065353216
 417 0204 7D9C873F 		.word	1065852029
 418 0208 D6AC8F3F 		.word	1066380502
 419 020c F037983F 		.word	1066940400
 420 0210 1845A13F 		.word	1067533592
 421 0214 08DCAA3F 		.word	1068162056
 422 0218 F304B53F 		.word	1068827891
 423 021c 87C8BF3F 		.word	1069533319
 424 0220 F52FCB3F 		.word	1070280693
 425 0224 FD44D73F 		.word	1071072509
 426 0228 F011E43F 		.word	1071911408
 427 022c BFA1F13F 		.word	1072800191
 428 0230 00000040 		.word	1073741824
 429 0234 7D9C0740 		.word	1074240637
 430 0238 D6AC0F40 		.word	1074769110
 431 023c F0371840 		.word	1075329008
 432 0240 18452140 		.word	1075922200
 433 0244 08DC2A40 		.word	1076550664
 434 0248 F3043540 		.word	1077216499
 435 024c 87C83F40 		.word	1077921927
 436 0250 F52F4B40 		.word	1078669301
 437 0254 FD445740 		.word	1079461117
 438 0258 F0116440 		.word	1080300016
 439 025c BFA17140 		.word	1081188799
 440 0260 00008040 		.word	1082130432
 441 0264 7D9C8740 		.word	1082629245
 442 0268 D6AC8F40 		.word	1083157718
 443 026c F0379840 		.word	1083717616
 444 0270 1845A140 		.word	1084310808
 445 0274 08DCAA40 		.word	1084939272
 446 0278 F304B540 		.word	1085605107
 447 027c 87C8BF40 		.word	1086310535
 448 0280 F52FCB40 		.word	1087057909
 449 0284 FD44D740 		.word	1087849725
 450 0288 F011E440 		.word	1088688624
 451 028c BFA1F140 		.word	1089577407
 452 0290 00000041 		.word	1090519040
 453 0294 7D9C0741 		.word	1091017853
 454 0298 D6AC0F41 		.word	1091546326
 455 029c F0371841 		.word	1092106224
 456 02a0 18452141 		.word	1092699416
 457 02a4 08DC2A41 		.word	1093327880
 458 02a8 F3043541 		.word	1093993715
 459 02ac 87C83F41 		.word	1094699143
 460 02b0 F52F4B41 		.word	1095446517
ARM GAS  /var/folders/y7/g6pkzsp12sx54x3s3mvyn15r0000gn/T//ccSbSZJ9.s 			page 9


 461 02b4 FD445741 		.word	1096238333
 462 02b8 F0116441 		.word	1097077232
 463 02bc BFA17141 		.word	1097966015
 464 02c0 00008041 		.word	1098907648
 465 02c4 7D9C8741 		.word	1099406461
 466 02c8 D6AC8F41 		.word	1099934934
 467 02cc F0379841 		.word	1100494832
 468 02d0 1845A141 		.word	1101088024
 469 02d4 08DCAA41 		.word	1101716488
 470 02d8 F304B541 		.word	1102382323
 471 02dc 87C8BF41 		.word	1103087751
 472 02e0 F52FCB41 		.word	1103835125
 473 02e4 FD44D741 		.word	1104626941
 474 02e8 F011E441 		.word	1105465840
 475 02ec BFA1F141 		.word	1106354623
 476 02f0 00000042 		.word	1107296256
 477 02f4 7D9C0742 		.word	1107795069
 478 02f8 D6AC0F42 		.word	1108323542
 479 02fc F0371842 		.word	1108883440
 480 0300 18452142 		.word	1109476632
 481 0304 08DC2A42 		.word	1110105096
 482 0308 F3043542 		.word	1110770931
 483 030c 87C83F42 		.word	1111476359
 484 0310 F52F4B42 		.word	1112223733
 485 0314 FD445742 		.word	1113015549
 486 0318 F0116442 		.word	1113854448
 487 031c BFA17142 		.word	1114743231
 488 0320 00008042 		.word	1115684864
 489 0324 7D9C8742 		.word	1116183677
 490 0328 D6AC8F42 		.word	1116712150
 491 032c F0379842 		.word	1117272048
 492 0330 1845A142 		.word	1117865240
 493 0334 08DCAA42 		.word	1118493704
 494 0338 F304B542 		.word	1119159539
 495 033c 87C8BF42 		.word	1119864967
 496 0340 F52FCB42 		.word	1120612341
 497 0344 FD44D742 		.word	1121404157
 498 0348 F011E442 		.word	1122243056
 499 034c BFA1F142 		.word	1123131839
 500 0350 00000043 		.word	1124073472
 501 0354 7D9C0743 		.word	1124572285
 502 0358 D6AC0F43 		.word	1125100758
 503 035c F0371843 		.word	1125660656
 504 0360 18452143 		.word	1126253848
 505 0364 08DC2A43 		.word	1126882312
 506 0368 F3043543 		.word	1127548147
 507 036c 87C83F43 		.word	1128253575
 508 0370 F52F4B43 		.word	1129000949
 509 0374 FD445743 		.word	1129792765
 510 0378 F0116443 		.word	1130631664
 511 037c BFA17143 		.word	1131520447
 512 0380 00008043 		.word	1132462080
 513 0384 7D9C8743 		.word	1132960893
 514 0388 D6AC8F43 		.word	1133489366
 515 038c F0379843 		.word	1134049264
 516 0390 1845A143 		.word	1134642456
 517 0394 08DCAA43 		.word	1135270920
ARM GAS  /var/folders/y7/g6pkzsp12sx54x3s3mvyn15r0000gn/T//ccSbSZJ9.s 			page 10


 518 0398 F304B543 		.word	1135936755
 519 039c 87C8BF43 		.word	1136642183
 520 03a0 F52FCB43 		.word	1137389557
 521 03a4 FD44D743 		.word	1138181373
 522 03a8 F011E443 		.word	1139020272
 523 03ac BFA1F143 		.word	1139909055
 524 03b0 00000044 		.word	1140850688
 525 03b4 7D9C0744 		.word	1141349501
 526 03b8 D6AC0F44 		.word	1141877974
 527 03bc F0371844 		.word	1142437872
 528 03c0 18452144 		.word	1143031064
 529 03c4 08DC2A44 		.word	1143659528
 530 03c8 F3043544 		.word	1144325363
 531 03cc 87C83F44 		.word	1145030791
 532 03d0 F52F4B44 		.word	1145778165
 533 03d4 FD445744 		.word	1146569981
 534 03d8 F0116444 		.word	1147408880
 535 03dc BFA17144 		.word	1148297663
 536 03e0 00008044 		.word	1149239296
 537 03e4 7D9C8744 		.word	1149738109
 538 03e8 D6AC8F44 		.word	1150266582
 539 03ec F0379844 		.word	1150826480
 540 03f0 1845A144 		.word	1151419672
 541 03f4 08DCAA44 		.word	1152048136
 542 03f8 F304B544 		.word	1152713971
 543 03fc 87C8BF44 		.word	1153419399
 544 0400 00000000 		.space	4
 545              		.text
 546              	.Letext0:
 547              		.file 2 "/Applications/ArmGNUToolchain/14.2.rel1/arm-none-eabi/arm-none-eabi/include/machine/_defa
 548              		.file 3 "/Applications/ArmGNUToolchain/14.2.rel1/arm-none-eabi/arm-none-eabi/include/sys/_stdint.h
 549              		.file 4 "../libDaisy/Drivers/CMSIS-Device/ST/STM32H7xx/Include/stm32h7xx.h"
 550              		.file 5 "/Applications/ArmGNUToolchain/14.2.rel1/arm-none-eabi/arm-none-eabi/include/c++/14.2.1/bi
 551              		.file 6 "/Applications/ArmGNUToolchain/14.2.rel1/arm-none-eabi/arm-none-eabi/include/c++/14.2.1/cm
 552              		.file 7 "/Applications/ArmGNUToolchain/14.2.rel1/arm-none-eabi/arm-none-eabi/include/c++/14.2.1/bi
 553              		.file 8 "/Applications/ArmGNUToolchain/14.2.rel1/arm-none-eabi/arm-none-eabi/include/math.h"
 554              		.file 9 "/Applications/ArmGNUToolchain/14.2.rel1/arm-none-eabi/arm-none-eabi/include/c++/14.2.1/ma
 555              		.file 10 "../libDaisy/Drivers/STM32H7xx_HAL_Driver/Inc/stm32h7xx_hal_comp.h"
 556              		.file 11 "../libDaisy/Drivers/STM32H7xx_HAL_Driver/Inc/stm32h7xx_hal.h"
 557              		.file 12 "/Applications/ArmGNUToolchain/14.2.rel1/arm-none-eabi/arm-none-eabi/include/c++/14.2.1/a
 558              		.file 13 "../eurorack/stmlib/stmlib.h"
 559              		.file 14 "../eurorack/stmlib/dsp/units.h"
ARM GAS  /var/folders/y7/g6pkzsp12sx54x3s3mvyn15r0000gn/T//ccSbSZJ9.s 			page 11


DEFINED SYMBOLS
                            *ABS*:00000000 units.cc
/var/folders/y7/g6pkzsp12sx54x3s3mvyn15r0000gn/T//ccSbSZJ9.s:24     .rodata._ZN6stmlib19lut_pitch_ratio_lowE:00000000 _ZN6stmlib19lut_pitch_ratio_lowE
/var/folders/y7/g6pkzsp12sx54x3s3mvyn15r0000gn/T//ccSbSZJ9.s:21     .rodata._ZN6stmlib19lut_pitch_ratio_lowE:00000000 $d
/var/folders/y7/g6pkzsp12sx54x3s3mvyn15r0000gn/T//ccSbSZJ9.s:287    .rodata._ZN6stmlib20lut_pitch_ratio_highE:00000000 _ZN6stmlib20lut_pitch_ratio_highE
/var/folders/y7/g6pkzsp12sx54x3s3mvyn15r0000gn/T//ccSbSZJ9.s:284    .rodata._ZN6stmlib20lut_pitch_ratio_highE:00000000 $d

NO UNDEFINED SYMBOLS
